2021-05-04 00:50:32,702 [INFO] Activator:170 - 


2021-05-04 00:50:32,733 [INFO] Activator:171 - !SESSION log4j initialized
2021-05-04 00:50:42,494 [INFO] McuFinderGlobals:40 - Set McuFinder mode to 2 (CubeIDE integrated)
2021-05-04 00:50:51,537 [INFO] ApplicationProperties:181 - Using Application install path: C:\ST\STM32CubeIDE_1.5.1\STM32CubeIDE\plugins\com.st.stm32cube.common.mx_6.1.1.202012091304
2021-05-04 00:50:52,112 [INFO] DbMcusXml:71 - Set database path to: C:\ST\STM32CubeIDE_1.5.1\STM32CubeIDE\plugins\com.st.stm32cube.common.mx_6.1.1.202012091304\\db\/mcu/
2021-05-04 00:50:52,148 [INFO] DbBoardsPdsc:57 - Set plugin database path to: C:\ST\STM32CubeIDE_1.5.1\STM32CubeIDE\plugins\com.st.stm32cube.common.mx_6.1.1.202012091304\\db\/plugins/boardmanager/
2021-05-04 00:50:52,149 [INFO] DbMcus:259 - Set plugin images path to: C:\ST\STM32CubeIDE_1.5.1\STM32CubeIDE\plugins\com.st.stm32cube.common.mx_6.1.1.202012091304\\db\/plugins/mcufinder/images/
2021-05-04 00:50:52,150 [INFO] DbBoards:265 - Set plugin images path to: C:\ST\STM32CubeIDE_1.5.1\STM32CubeIDE\plugins\com.st.stm32cube.common.mx_6.1.1.202012091304\\db\/plugins/mcufinder/images/
2021-05-04 00:50:52,181 [INFO] DbExamples:329 - Set plugin images path to: C:\ST\STM32CubeIDE_1.5.1\STM32CubeIDE\plugins\com.st.stm32cube.common.mx_6.1.1.202012091304\\db\/plugins/mcufinder/images/
2021-05-04 00:50:52,773 [INFO] DbMcusDocs:112 - Set database path to: C:\Users\Михаил\.stmcufinder\plugins\mcufinder//mcu/
2021-05-04 00:50:52,786 [INFO] DbMcusJson:63 - Set database path to: C:\Users\Михаил\.stmcufinder\plugins\mcufinder//mcu/
2021-05-04 00:50:52,788 [INFO] DbBoardsDocs:112 - Set database path to: C:\Users\Михаил\.stmcufinder\plugins\mcufinder//mcu/
2021-05-04 00:50:52,794 [INFO] DbBoardsJson:56 - Set database path to: C:\Users\Михаил\.stmcufinder\plugins\mcufinder//mcu/
2021-05-04 00:50:52,806 [INFO] CrossReferenceDbSqlite:196 - Set database path to: C:\Users\Михаил\.stmcufinder\plugins\mcufinder//mcu/cs/
2021-05-04 00:50:52,817 [INFO] DbExamplesSqlite:699 - Set database path to: C:\Users\Михаил\.stmcufinder\plugins\mcufinder//mcu/
2021-05-04 00:50:54,061 [INFO] RulesReader:52 - Compatibility file has been processed (228 Rules)
2021-05-04 00:50:57,278 [INFO] MicroXplorer:565 - Detected Java Version = 1.8.0_272
2021-05-04 00:50:57,278 [INFO] DbMcusXml:71 - Set database path to: C:\ST\STM32CubeIDE_1.5.1\STM32CubeIDE\plugins\com.st.stm32cube.common.mx_6.1.1.202012091304\\db\/mcu/
2021-05-04 00:50:57,282 [INFO] DbBoardsPdsc:57 - Set plugin database path to: C:\ST\STM32CubeIDE_1.5.1\STM32CubeIDE\plugins\com.st.stm32cube.common.mx_6.1.1.202012091304\\db\/plugins/boardmanager/
2021-05-04 00:50:57,283 [INFO] DbMcus:259 - Set plugin images path to: C:\ST\STM32CubeIDE_1.5.1\STM32CubeIDE\plugins\com.st.stm32cube.common.mx_6.1.1.202012091304\\db\/plugins/mcufinder/images/
2021-05-04 00:50:57,283 [INFO] DbBoards:265 - Set plugin images path to: C:\ST\STM32CubeIDE_1.5.1\STM32CubeIDE\plugins\com.st.stm32cube.common.mx_6.1.1.202012091304\\db\/plugins/mcufinder/images/
2021-05-04 00:50:57,284 [INFO] DbExamples:329 - Set plugin images path to: C:\ST\STM32CubeIDE_1.5.1\STM32CubeIDE\plugins\com.st.stm32cube.common.mx_6.1.1.202012091304\\db\/plugins/mcufinder/images/
2021-05-04 00:50:57,285 [WARN] DbFile:36 - Overriding database path with different value: C:\Users\Михаил\.stmcufinder\plugins\mcufinder/ => C:\Users\Михаил\.stmcufinder\plugins\mcufinder
2021-05-04 00:50:57,286 [INFO] DbMcusDocs:112 - Set database path to: C:\Users\Михаил\.stmcufinder\plugins\mcufinder//mcu/
2021-05-04 00:50:57,286 [WARN] DbFile:36 - Overriding database path with different value: C:\Users\Михаил\.stmcufinder\plugins\mcufinder/ => C:\Users\Михаил\.stmcufinder\plugins\mcufinder
2021-05-04 00:50:57,286 [INFO] DbMcusJson:63 - Set database path to: C:\Users\Михаил\.stmcufinder\plugins\mcufinder//mcu/
2021-05-04 00:50:57,287 [WARN] DbFile:36 - Overriding database path with different value: C:\Users\Михаил\.stmcufinder\plugins\mcufinder/ => C:\Users\Михаил\.stmcufinder\plugins\mcufinder
2021-05-04 00:50:57,288 [INFO] DbBoardsDocs:112 - Set database path to: C:\Users\Михаил\.stmcufinder\plugins\mcufinder//mcu/
2021-05-04 00:50:57,288 [WARN] DbFile:36 - Overriding database path with different value: C:\Users\Михаил\.stmcufinder\plugins\mcufinder/ => C:\Users\Михаил\.stmcufinder\plugins\mcufinder
2021-05-04 00:50:57,289 [INFO] DbBoardsJson:56 - Set database path to: C:\Users\Михаил\.stmcufinder\plugins\mcufinder//mcu/
2021-05-04 00:50:57,290 [WARN] DbFile:36 - Overriding database path with different value: C:\Users\Михаил\.stmcufinder\plugins\mcufinder/ => C:\Users\Михаил\.stmcufinder\plugins\mcufinder
2021-05-04 00:50:57,291 [WARN] DbFile:36 - Overriding database path with different value: C:\Users\Михаил\.stmcufinder\plugins\mcufinder/ => C:\Users\Михаил\.stmcufinder\plugins\mcufinder
2021-05-04 00:50:57,302 [INFO] CrossReferenceDbSqlite:196 - Set database path to: C:\Users\Михаил\.stmcufinder\plugins\mcufinder//mcu/cs/
2021-05-04 00:50:57,303 [WARN] DbFile:36 - Overriding database path with different value: C:\Users\Михаил\.stmcufinder\plugins\mcufinder/ => C:\Users\Михаил\.stmcufinder\plugins\mcufinder
2021-05-04 00:50:57,303 [INFO] DbExamplesSqlite:699 - Set database path to: C:\Users\Михаил\.stmcufinder\plugins\mcufinder//mcu/
2021-05-04 00:50:58,716 [INFO] MainPanel:190 - HeapMemory: 268435456
2021-05-04 00:50:59,444 [INFO] DbMcusXml:71 - Set database path to: C:\ST\STM32CubeIDE_1.5.1\STM32CubeIDE\plugins\com.st.stm32cube.common.mx_6.1.1.202012091304\\db\/mcu/
2021-05-04 00:50:59,448 [INFO] DbBoardsPdsc:57 - Set plugin database path to: C:\ST\STM32CubeIDE_1.5.1\STM32CubeIDE\plugins\com.st.stm32cube.common.mx_6.1.1.202012091304\\db\/plugins/boardmanager/
2021-05-04 00:50:59,448 [INFO] DbMcus:259 - Set plugin images path to: C:\ST\STM32CubeIDE_1.5.1\STM32CubeIDE\plugins\com.st.stm32cube.common.mx_6.1.1.202012091304\\db\/plugins/mcufinder/images/
2021-05-04 00:50:59,449 [INFO] DbBoards:265 - Set plugin images path to: C:\ST\STM32CubeIDE_1.5.1\STM32CubeIDE\plugins\com.st.stm32cube.common.mx_6.1.1.202012091304\\db\/plugins/mcufinder/images/
2021-05-04 00:50:59,449 [INFO] DbExamples:329 - Set plugin images path to: C:\ST\STM32CubeIDE_1.5.1\STM32CubeIDE\plugins\com.st.stm32cube.common.mx_6.1.1.202012091304\\db\/plugins/mcufinder/images/
2021-05-04 00:50:59,461 [WARN] DbFile:36 - Overriding database path with different value: C:\Users\Михаил\.stmcufinder\plugins\mcufinder/ => C:\Users\Михаил\.stmcufinder\plugins\mcufinder
2021-05-04 00:50:59,462 [INFO] DbMcusDocs:112 - Set database path to: C:\Users\Михаил\.stmcufinder\plugins\mcufinder//mcu/
2021-05-04 00:50:59,462 [WARN] DbFile:36 - Overriding database path with different value: C:\Users\Михаил\.stmcufinder\plugins\mcufinder/ => C:\Users\Михаил\.stmcufinder\plugins\mcufinder
2021-05-04 00:50:59,463 [INFO] DbMcusJson:63 - Set database path to: C:\Users\Михаил\.stmcufinder\plugins\mcufinder//mcu/
2021-05-04 00:50:59,463 [WARN] DbFile:36 - Overriding database path with different value: C:\Users\Михаил\.stmcufinder\plugins\mcufinder/ => C:\Users\Михаил\.stmcufinder\plugins\mcufinder
2021-05-04 00:50:59,463 [INFO] DbBoardsDocs:112 - Set database path to: C:\Users\Михаил\.stmcufinder\plugins\mcufinder//mcu/
2021-05-04 00:50:59,464 [WARN] DbFile:36 - Overriding database path with different value: C:\Users\Михаил\.stmcufinder\plugins\mcufinder/ => C:\Users\Михаил\.stmcufinder\plugins\mcufinder
2021-05-04 00:50:59,464 [INFO] DbBoardsJson:56 - Set database path to: C:\Users\Михаил\.stmcufinder\plugins\mcufinder//mcu/
2021-05-04 00:50:59,465 [WARN] DbFile:36 - Overriding database path with different value: C:\Users\Михаил\.stmcufinder\plugins\mcufinder/ => C:\Users\Михаил\.stmcufinder\plugins\mcufinder
2021-05-04 00:50:59,465 [WARN] DbFile:36 - Overriding database path with different value: C:\Users\Михаил\.stmcufinder\plugins\mcufinder/ => C:\Users\Михаил\.stmcufinder\plugins\mcufinder
2021-05-04 00:50:59,465 [INFO] CrossReferenceDbSqlite:196 - Set database path to: C:\Users\Михаил\.stmcufinder\plugins\mcufinder//mcu/cs/
2021-05-04 00:50:59,466 [WARN] DbFile:36 - Overriding database path with different value: C:\Users\Михаил\.stmcufinder\plugins\mcufinder/ => C:\Users\Михаил\.stmcufinder\plugins\mcufinder
2021-05-04 00:50:59,466 [INFO] DbExamplesSqlite:699 - Set database path to: C:\Users\Михаил\.stmcufinder\plugins\mcufinder//mcu/
2021-05-04 00:50:59,712 [INFO] ApplicationProperties:181 - Using Application install path: C:\ST\STM32CubeIDE_1.5.1\STM32CubeIDE\plugins\com.st.stm32cube.common.mx_6.1.1.202012091304
2021-05-04 00:50:59,720 [INFO] PluginManage:178 - Search for loadable plugins [exclusion list=, ]
2021-05-04 00:50:59,750 [INFO] PluginManage:292 - Check plugin analytics
2021-05-04 00:51:00,442 [INFO] AnalyticsPlugin:225 - Accepted Software Licenses: 
2021-05-04 00:51:00,443 [INFO] AnalyticsPlugin:227 - Accepted CMSIS Pack Licenses: 
2021-05-04 00:51:00,443 [INFO] AnalyticsPlugin:229 - Accepted Firmware Licenses: 
2021-05-04 00:51:00,444 [INFO] PluginManage:342 - Loaded plugin analytics (category:tool,tabindex:-1)
2021-05-04 00:51:00,445 [INFO] PluginManage:292 - Check plugin clock
2021-05-04 00:51:00,641 [INFO] PluginManage:342 - Loaded plugin clock (category:base,tabindex:2)
2021-05-04 00:51:00,641 [INFO] PluginManage:292 - Check plugin ddr
2021-05-04 00:51:00,690 [INFO] PluginManage:342 - Loaded plugin ddr (category:tool,tabindex:6)
2021-05-04 00:51:00,691 [INFO] PluginManage:292 - Check plugin filemanager
2021-05-04 00:51:01,754 [INFO] PluginManage:342 - Loaded plugin filemanager (category:base,tabindex:10)
2021-05-04 00:51:01,754 [INFO] PluginManage:292 - Check plugin ipmanager
2021-05-04 00:51:01,794 [INFO] PluginManage:342 - Loaded plugin ipmanager (category:base,tabindex:5)
2021-05-04 00:51:01,795 [INFO] PluginManage:292 - Check plugin pinoutandconfiguration
2021-05-04 00:51:01,917 [INFO] PluginManage:342 - Loaded plugin pinoutandconfiguration (category:base,tabindex:1)
2021-05-04 00:51:01,917 [INFO] PluginManage:292 - Check plugin pinoutconfig
2021-05-04 00:51:02,131 [INFO] PluginManage:342 - Loaded plugin pinoutconfig (category:base,tabindex:0)
2021-05-04 00:51:02,132 [INFO] PluginManage:292 - Check plugin power
2021-05-04 00:51:02,305 [INFO] PluginManage:342 - Loaded plugin power (category:power,tabindex:4)
2021-05-04 00:51:02,306 [INFO] PluginManage:292 - Check plugin projectmanager
2021-05-04 00:51:02,389 [INFO] PluginManage:342 - Loaded plugin projectmanager (category:projectmanager,tabindex:3)
2021-05-04 00:51:02,390 [INFO] PluginManage:292 - Check plugin thirdparty
2021-05-04 00:51:03,160 [INFO] PluginManage:342 - Loaded plugin thirdparty (category:base,tabindex:-1)
2021-05-04 00:51:03,160 [INFO] PluginManage:292 - Check plugin tools
2021-05-04 00:51:03,167 [WARN] IntegrityCheckThread:59 - waiting for thirdparty lock release [integrity check]
2021-05-04 00:51:03,169 [INFO] IntegrityCheckThread:61 - entering critical section [integrity check]
2021-05-04 00:51:03,170 [INFO] ThirdPartyUpdaterWithRetryManager:56 - Updater plugin not ready yet. [1/15]
2021-05-04 00:51:03,176 [INFO] PluginManage:342 - Loaded plugin tools (category:base,tabindex:7)
2021-05-04 00:51:03,176 [INFO] PluginManage:292 - Check plugin tutovideos
2021-05-04 00:51:04,096 [INFO] PluginManage:342 - Loaded plugin tutovideos (category:base,tabindex:-1)
2021-05-04 00:51:04,096 [INFO] PluginManage:292 - Check plugin updater
2021-05-04 00:51:04,202 [INFO] PluginManage:342 - Loaded plugin updater (category:base,tabindex:12)
2021-05-04 00:51:04,206 [INFO] PluginManage:265 - PluginManage : Loaded plugins [13]
2021-05-04 00:51:05,414 [INFO] PinOutPanel:1434 - setPackage(No Configuration,No Configuration)
2021-05-04 00:51:06,008 [INFO] IPUIPlugin:64 - create IPUIPlugin
2021-05-04 00:51:06,009 [INFO] PluginManager:203 - loadIPPluginJar : add adc
2021-05-04 00:51:06,043 [INFO] IPUIPlugin:64 - create IPUIPlugin
2021-05-04 00:51:06,044 [INFO] PluginManager:203 - loadIPPluginJar : add aes
2021-05-04 00:51:06,064 [INFO] IPUIPlugin:64 - create IPUIPlugin
2021-05-04 00:51:06,065 [INFO] PluginManager:203 - loadIPPluginJar : add can
2021-05-04 00:51:06,078 [INFO] IPUIPlugin:64 - create IPUIPlugin
2021-05-04 00:51:06,078 [INFO] PluginManager:203 - loadIPPluginJar : add comp
2021-05-04 00:51:06,098 [INFO] IPUIPlugin:64 - create IPUIPlugin
2021-05-04 00:51:06,099 [INFO] PluginManager:203 - loadIPPluginJar : add cryp
2021-05-04 00:51:06,111 [INFO] IPUIPlugin:64 - create IPUIPlugin
2021-05-04 00:51:06,111 [INFO] PluginManager:203 - loadIPPluginJar : add dfsdm
2021-05-04 00:51:06,171 [INFO] ThirdPartyUpdaterWithRetryManager:56 - Updater plugin not ready yet. [2/15]
2021-05-04 00:51:06,192 [INFO] IPUIPlugin:64 - create IPUIPlugin
2021-05-04 00:51:06,195 [INFO] PluginManager:203 - loadIPPluginJar : add dma
2021-05-04 00:51:06,212 [INFO] IPUIPlugin:64 - create IPUIPlugin
2021-05-04 00:51:06,213 [INFO] PluginManager:203 - loadIPPluginJar : add fatfs
2021-05-04 00:51:06,254 [INFO] IPUIPlugin:64 - create IPUIPlugin
2021-05-04 00:51:06,255 [INFO] PluginManager:203 - loadIPPluginJar : add fmc
2021-05-04 00:51:06,387 [INFO] IPUIPlugin:64 - create IPUIPlugin
2021-05-04 00:51:06,390 [INFO] PluginManager:203 - loadIPPluginJar : add freertos
2021-05-04 00:51:06,409 [INFO] IPUIPlugin:64 - create IPUIPlugin
2021-05-04 00:51:06,410 [INFO] PluginManager:203 - loadIPPluginJar : add genericplugin
2021-05-04 00:51:06,445 [INFO] IPUIPlugin:64 - create IPUIPlugin
2021-05-04 00:51:06,446 [INFO] PluginManager:203 - loadIPPluginJar : add gfxmmu
2021-05-04 00:51:06,475 [INFO] IPUIPlugin:64 - create IPUIPlugin
2021-05-04 00:51:06,476 [INFO] PluginManager:203 - loadIPPluginJar : add gic
2021-05-04 00:51:06,523 [INFO] IPUIPlugin:64 - create IPUIPlugin
2021-05-04 00:51:06,524 [INFO] PluginManager:203 - loadIPPluginJar : add gpio
2021-05-04 00:51:06,551 [INFO] IPUIPlugin:64 - create IPUIPlugin
2021-05-04 00:51:06,552 [INFO] PluginManager:203 - loadIPPluginJar : add gtzc
2021-05-04 00:51:06,559 [INFO] IPUIPlugin:64 - create IPUIPlugin
2021-05-04 00:51:06,560 [INFO] PluginManager:203 - loadIPPluginJar : add hash
2021-05-04 00:51:06,607 [INFO] IPUIPlugin:64 - create IPUIPlugin
2021-05-04 00:51:06,608 [INFO] PluginManager:203 - loadIPPluginJar : add i2c
2021-05-04 00:51:06,626 [INFO] IPUIPlugin:64 - create IPUIPlugin
2021-05-04 00:51:06,627 [INFO] PluginManager:203 - loadIPPluginJar : add i2s
2021-05-04 00:51:06,682 [INFO] IPUIPlugin:64 - create IPUIPlugin
2021-05-04 00:51:06,684 [INFO] PluginManager:203 - loadIPPluginJar : add ipddr
2021-05-04 00:51:06,692 [INFO] IPUIPlugin:64 - create IPUIPlugin
2021-05-04 00:51:06,695 [INFO] PluginManager:203 - loadIPPluginJar : add lorawan
2021-05-04 00:51:06,721 [INFO] IPUIPlugin:64 - create IPUIPlugin
2021-05-04 00:51:06,722 [INFO] PluginManager:203 - loadIPPluginJar : add ltdc
2021-05-04 00:51:06,780 [INFO] IPUIPlugin:64 - create IPUIPlugin
2021-05-04 00:51:06,781 [INFO] PluginManager:203 - loadIPPluginJar : add mdma
2021-05-04 00:51:06,843 [INFO] IPUIPlugin:64 - create IPUIPlugin
2021-05-04 00:51:06,844 [INFO] PluginManager:203 - loadIPPluginJar : add nvic
2021-05-04 00:51:06,865 [INFO] IPUIPlugin:64 - create IPUIPlugin
2021-05-04 00:51:06,865 [INFO] PluginManager:203 - loadIPPluginJar : add opamp
2021-05-04 00:51:06,887 [INFO] IPUIPlugin:64 - create IPUIPlugin
2021-05-04 00:51:06,888 [INFO] PluginManager:203 - loadIPPluginJar : add openamp
2021-05-04 00:51:06,905 [INFO] IPUIPlugin:64 - create IPUIPlugin
2021-05-04 00:51:06,906 [INFO] PluginManager:203 - loadIPPluginJar : add pdm2pcm
2021-05-04 00:51:06,963 [INFO] IPUIPlugin:64 - create IPUIPlugin
2021-05-04 00:51:06,970 [INFO] PluginManager:203 - loadIPPluginJar : add plateformsettings
2021-05-04 00:51:06,990 [INFO] IPUIPlugin:64 - create IPUIPlugin
2021-05-04 00:51:06,991 [INFO] PluginManager:203 - loadIPPluginJar : add quadspi
2021-05-04 00:51:07,113 [INFO] IPUIPlugin:64 - create IPUIPlugin
2021-05-04 00:51:07,114 [INFO] PluginManager:203 - loadIPPluginJar : add resmgrutility
2021-05-04 00:51:07,143 [INFO] IPUIPlugin:64 - create IPUIPlugin
2021-05-04 00:51:07,144 [INFO] PluginManager:203 - loadIPPluginJar : add sai
2021-05-04 00:51:07,156 [INFO] IPUIPlugin:64 - create IPUIPlugin
2021-05-04 00:51:07,157 [INFO] PluginManager:203 - loadIPPluginJar : add spi
2021-05-04 00:51:07,184 [INFO] IPUIPlugin:64 - create IPUIPlugin
2021-05-04 00:51:07,185 [INFO] PluginManager:203 - loadIPPluginJar : add stm32_wpan
2021-05-04 00:51:07,202 [INFO] IPUIPlugin:64 - create IPUIPlugin
2021-05-04 00:51:07,203 [INFO] PluginManager:203 - loadIPPluginJar : add tim
2021-05-04 00:51:07,232 [INFO] IPUIPlugin:64 - create IPUIPlugin
2021-05-04 00:51:07,233 [INFO] PluginManager:203 - loadIPPluginJar : add touchsensing
2021-05-04 00:51:07,258 [INFO] IPUIPlugin:64 - create IPUIPlugin
2021-05-04 00:51:07,259 [INFO] PluginManager:203 - loadIPPluginJar : add tracer_emb
2021-05-04 00:51:07,275 [INFO] IPUIPlugin:64 - create IPUIPlugin
2021-05-04 00:51:07,276 [INFO] PluginManager:203 - loadIPPluginJar : add ts
2021-05-04 00:51:07,285 [INFO] IPUIPlugin:64 - create IPUIPlugin
2021-05-04 00:51:07,286 [INFO] PluginManager:203 - loadIPPluginJar : add tsc
2021-05-04 00:51:07,303 [INFO] IPUIPlugin:64 - create IPUIPlugin
2021-05-04 00:51:07,304 [INFO] PluginManager:203 - loadIPPluginJar : add ucpd
2021-05-04 00:51:07,326 [INFO] IPUIPlugin:64 - create IPUIPlugin
2021-05-04 00:51:07,327 [INFO] PluginManager:203 - loadIPPluginJar : add usart
2021-05-04 00:51:08,640 [FATAL] Updater:284 - Updater called before beeing initialized
2021-05-04 00:51:09,160 [FATAL] Updater:284 - Updater called before beeing initialized
2021-05-04 00:51:09,171 [INFO] ThirdPartyUpdaterWithRetryManager:56 - Updater plugin not ready yet. [3/15]
2021-05-04 00:51:09,519 [WARN] DetailPanel:347 - Failed to get advertising image, set to default
2021-05-04 00:51:09,540 [FATAL] Updater:284 - Updater called before beeing initialized
2021-05-04 00:51:09,541 [WARN] DetailPanel:347 - Failed to get advertising image, set to default
2021-05-04 00:51:09,762 [FATAL] Updater:284 - Updater called before beeing initialized
2021-05-04 00:51:09,762 [WARN] ThirdParty:783 - waiting for thirdparty lock release [close project]
2021-05-04 00:51:12,172 [FATAL] Updater:284 - Updater called before beeing initialized
2021-05-04 00:51:12,174 [ERROR] AbstractThirdPartyUpdaterManager:153 - java.lang.Integer cannot be cast to java.util.List
2021-05-04 00:51:12,174 [INFO] ThirdParty:887 - Integrity check success = false
2021-05-04 00:51:12,176 [INFO] IntegrityCheckThread:75 - exiting critical section [integrity check]
2021-05-04 00:51:12,176 [INFO] IntegrityCheckThread:78 - End integrity checks thread
2021-05-04 00:51:12,176 [INFO] ThirdParty:785 - entering critical section [close project]
2021-05-04 00:51:12,182 [INFO] ThirdParty:796 - exiting critical section [close project]
2021-05-04 00:51:12,197 [INFO] PinOutPanel:1434 - setPackage(No Configuration,No Configuration)
2021-05-04 00:51:12,200 [FATAL] Updater:284 - Updater called before beeing initialized
2021-05-04 00:51:12,266 [ERROR] Updater:1065 - MainUpdater not yet initialized. External WinMGr cannot be set.
2021-05-04 00:51:12,295 [INFO] Updater:1002 - Updater Version found : 6.1.1
2021-05-04 00:51:12,440 [INFO] ApplicationProperties:181 - Using Application install path: C:\ST\STM32CubeIDE_1.5.1\STM32CubeIDE\plugins\com.st.stm32cube.common.mx_6.1.1.202012091304
2021-05-04 00:51:14,554 [INFO] MainUpdater:2644 - connection check result : 10
2021-05-04 00:51:14,555 [INFO] MainUpdater:3332 - Updater definition file requires update
2021-05-04 00:51:14,559 [INFO] MainUpdater:249 - Updater Check For Update Now.
2021-05-04 00:51:14,561 [INFO] MicroXplorer:415 - Change Database Version : DB.6.0.10
2021-05-04 00:51:14,708 [INFO] ServerAccessManage:348 - Download File updaters.zip
2021-05-04 00:51:15,618 [INFO] FileExtend:225 - Unzip File : updaters.zip
2021-05-04 00:51:15,618 [INFO] FileExtend:240 - Standard Zip Deflate
2021-05-04 00:51:16,686 [INFO] ServerAccessManage:348 - Download File PacksControlFlags.xml
2021-05-04 00:51:16,954 [INFO] ServerAccessManage:348 - Download File cubemx.pidx
2021-05-04 00:51:17,537 [INFO] LoadServerUpdatesThread:329 - End of LoadServerUpdate Thread
2021-05-04 00:51:17,637 [INFO] CheckServerUpdateThread:102 - End of CheckServer Thread
2021-05-04 00:51:17,646 [INFO] MainUpdater:2644 - connection check result : 10
2021-05-04 00:51:25,802 [INFO] CrossSelectorPresenter:1330 - Cross Selector saved comparison directory: C:\Users\Михаил\.stmcufinder\plugins\mcufinder\mcu\cs_comparisons_mx
2021-05-04 00:51:25,846 [INFO] MultiScanPanel:198 - Auto-refresh data requested => check proxy status ongoing
2021-05-04 00:51:25,864 [INFO] FinderPluginLoader:87 - Searching for filters in installed packs
2021-05-04 00:51:25,900 [INFO] DbMcusXml:97 - Load MCU database from C:\ST\STM32CubeIDE_1.5.1\STM32CubeIDE\plugins\com.st.stm32cube.common.mx_6.1.1.202012091304\\db\/mcu/families.xml
2021-05-04 00:51:30,472 [INFO] DbMcusJson:92 - JSON generation date=Mon Feb 08 18:35:07 GMT+05:00 2021 (1612791307)
2021-05-04 00:51:33,829 [INFO] DbMcus:176 - Found 1835 MCUs (1796 are supported by CubeMX, 1804 are visible in CubeMX)
2021-05-04 00:51:33,878 [INFO] ApiDb:238 - Load user favorites file C:\Users\Михаил/.stm32cubeide/favorites.mcus.txt: 0 item(s)
2021-05-04 00:51:33,879 [INFO] ApiDb:242 - User favorites MCUs=[]
2021-05-04 00:51:33,879 [INFO] DbMcus:188 - Set 0 / 0 favorites MCUs
2021-05-04 00:51:36,445 [INFO] DetailPanel:344 - Set advertising image to C:/Users/Михаил/STM32Cube/Repository/\stm32cubemx-promo_image.jpg
2021-05-04 00:51:37,437 [INFO] McuFilterPanel:245 - Update 0 favorites MCUs
2021-05-04 00:51:38,060 [INFO] DbBoardsPdsc:91 - Found 24 items
2021-05-04 00:51:38,090 [INFO] DbBoardsPdsc:91 - Found 9 items
2021-05-04 00:51:38,109 [INFO] DbBoardsPdsc:91 - Found 32 items
2021-05-04 00:51:38,144 [INFO] DbBoardsPdsc:91 - Found 1 items
2021-05-04 00:51:38,188 [INFO] DbBoardsPdsc:91 - Found 45 items
2021-05-04 00:51:38,270 [INFO] DbBoardsPdsc:91 - Found 41 items
2021-05-04 00:51:38,280 [INFO] DbBoardsPdsc:91 - Found 2 items
2021-05-04 00:51:38,293 [INFO] DbBoardsPdsc:91 - Found 4 items
2021-05-04 00:51:38,306 [WARN] DbBoardsPdsc:255 - Board STM32H7B3I-DK: unknown feature type=Audio, name=, username=Audio stereo codec with Headphone Amp (CS42L51-CNZ), n=1
2021-05-04 00:51:38,308 [WARN] DbBoardsPdsc:255 - Board STM32H735G-DK: unknown feature type=Audio, name=, username=Audio stereo codec with Headphone Amp (WM8994ECS/R), n=1
2021-05-04 00:51:38,315 [WARN] DbBoardsPdsc:255 - Board STM32H7B3I-EVAL: unknown feature type=Audio, name=, username=Multi-Channel Audio Codec (CS42L51-CNZ), n=1
2021-05-04 00:51:38,316 [WARN] DbBoardsPdsc:255 - Board STM32H7B3I-EVAL: unknown feature type=Meter, name=, username=Power-metering and Temperature-monitoring with sigma-delta modulators, n=1
2021-05-04 00:51:38,316 [WARN] DbBoardsPdsc:255 - Board STM32H7B3I-EVAL: unknown feature type=Motor, name=, username=Motor Control, n=1
2021-05-04 00:51:38,464 [INFO] DbBoardsJson:85 - JSON generation date=Thu Feb 04 21:53:45 GMT+05:00 2021 (1612457625)
2021-05-04 00:51:38,484 [INFO] DbBoards:118 - Found 160 boards (155 are supported by CubeMX)
2021-05-04 00:51:38,627 [INFO] DbBoardsDocs:145 - JSON generation date=Mon Feb 08 18:35:07 GMT+05:00 2021 (1612791307)
2021-05-04 00:51:38,767 [INFO] DbBoardsDocs:81 - Found 193 boards documents
2021-05-04 00:51:38,768 [WARN] DbBoards:128 - board B-L462E-CELL1 has no document id list !
2021-05-04 00:51:38,769 [WARN] DbBoards:128 - board B-L475E-IOT01A2 has no document id list !
2021-05-04 00:51:38,771 [WARN] DbBoards:128 - board NUCLEO-G0B1RE has no document id list !
2021-05-04 00:51:38,772 [WARN] DbBoards:128 - board NUCLEO-H743ZI2 has no document id list !
2021-05-04 00:51:38,773 [WARN] DbBoards:128 - board NUCLEO-L4A6ZG has no document id list !
2021-05-04 00:51:38,774 [WARN] DbBoards:128 - board NUCLEO-WB55RG has no document id list !
2021-05-04 00:51:38,790 [WARN] DbBoards:128 - board NUCLEO-WL55JC1 has no document id list !
2021-05-04 00:51:38,790 [WARN] DbBoards:128 - board NUCLEO-WL55JC2 has no document id list !
2021-05-04 00:51:38,790 [WARN] DbBoards:128 - board P-NUCLEO-WB55-Nucleo has no document id list !
2021-05-04 00:51:38,791 [WARN] DbBoards:128 - board P-NUCLEO-WB55-USBDongle has no document id list !
2021-05-04 00:51:38,792 [WARN] DbBoards:128 - board STEVAL-BFA001V1B has no document id list !
2021-05-04 00:51:38,793 [WARN] DbBoards:128 - board STEVAL-BFA001V2B has no document id list !
2021-05-04 00:51:38,793 [WARN] DbBoards:128 - board STEVAL-IDP005V1 has no document id list !
2021-05-04 00:51:38,793 [WARN] DbBoards:128 - board STEVAL-IDP005V2 has no document id list !
2021-05-04 00:51:38,794 [WARN] DbBoards:128 - board STEVAL-MKSBOX1V1 has no document id list !
2021-05-04 00:51:38,795 [WARN] DbBoards:128 - board STEVAL-STWINKT1 has no document id list !
2021-05-04 00:51:38,795 [WARN] DbBoards:128 - board STEVAL-STWINKT1B has no document id list !
2021-05-04 00:51:38,796 [WARN] DbBoards:128 - board STM32F401C-DISCO has no document id list !
2021-05-04 00:51:38,798 [WARN] DbBoards:128 - board STM32F769I-DISC1 has no document id list !
2021-05-04 00:51:38,798 [WARN] DbBoards:128 - board STM32G0C1E-EV has no document id list !
2021-05-04 00:51:38,800 [WARN] DbBoards:128 - board STM32G474E-EVAL1 has no document id list !
2021-05-04 00:51:38,801 [WARN] DbBoards:128 - board STM32H743I-EVAL2 has no document id list !
2021-05-04 00:51:38,801 [WARN] DbBoards:128 - board STM32H747I-DISC1 has no document id list !
2021-05-04 00:51:38,802 [WARN] DbBoards:128 - board STM32H753I-EVAL2 has no document id list !
2021-05-04 00:51:38,802 [WARN] DbBoards:128 - board STM32L-DISCOVERY has no document id list !
2021-05-04 00:51:38,804 [WARN] DbBoards:128 - board STM32MP157A-DK1 has no document id list !
2021-05-04 00:51:38,805 [WARN] DbBoards:128 - board STM32MP157F-DK2 has no document id list !
2021-05-04 00:51:38,805 [WARN] DbBoards:128 - board STM32MP157F-EV1 has no document id list !
2021-05-04 00:51:41,549 [ERROR] DbBoards:190 - Image file not found for board NUCLEO-WL55JC: C:\ST\STM32CubeIDE_1.5.1\STM32CubeIDE\plugins\com.st.stm32cube.common.mx_6.1.1.202012091304\\db\/plugins/mcufinder/images/boards/nucleo-wl55jc-small.jpg
2021-05-04 00:51:43,147 [ERROR] DbBoards:190 - Image file not found for board STEVAL-STWINKT1B: C:\ST\STM32CubeIDE_1.5.1\STM32CubeIDE\plugins\com.st.stm32cube.common.mx_6.1.1.202012091304\\db\/plugins/mcufinder/images/boards/steval-stwinkt1b_small.jpg
2021-05-04 00:51:47,275 [ERROR] DbBoards:190 - Image file not found for board STM32H7B3I-EVAL: C:\ST\STM32CubeIDE_1.5.1\STM32CubeIDE\plugins\com.st.stm32cube.common.mx_6.1.1.202012091304\\db\/plugins/mcufinder/images/boards/stm32h7b3ieval_small.jpg
2021-05-04 00:51:48,837 [INFO] ApiDb:238 - Load user favorites file C:\Users\Михаил/.stm32cubeide/favorites.boards.txt: 0 item(s)
2021-05-04 00:51:48,838 [INFO] ApiDb:242 - User favorites Boards=[]
2021-05-04 00:51:48,838 [INFO] DbBoards:207 - Set 0 / 0 favorites Boards
2021-05-04 00:52:09,964 [INFO] DbMcusDocs:145 - JSON generation date=Mon Feb 08 18:35:07 GMT+05:00 2021 (1612791307)
2021-05-04 00:52:10,965 [INFO] DbMcusDocs:81 - Found 617 MCUs documents
2021-05-04 00:52:42,063 [INFO] MainUpdater:2644 - connection check result : 10
2021-05-04 00:52:42,065 [INFO] MainUpdater:2644 - connection check result : 10
2021-05-04 00:52:42,172 [INFO] MicroXplorer:385 - Change Database Path : 
2021-05-04 00:52:42,172 [INFO] MicroXplorer:415 - Change Database Version : DB.6.0.10
2021-05-04 00:52:42,172 [WARN] ThirdParty:783 - waiting for thirdparty lock release [close project]
2021-05-04 00:52:42,173 [INFO] ThirdParty:785 - entering critical section [close project]
2021-05-04 00:52:42,173 [INFO] ThirdParty:796 - exiting critical section [close project]
2021-05-04 00:52:42,176 [INFO] PinOutPanel:1434 - setPackage(No Configuration,No Configuration)
2021-05-04 00:52:42,177 [INFO] UtilMem:74 - Begin LoadConfig() Used Memory: 568292640 Bytes (867172352)
2021-05-04 00:52:42,181 [INFO] MicroXplorer:385 - Change Database Path : 
2021-05-04 00:52:42,182 [INFO] MicroXplorer:415 - Change Database Version : DB.6.0.10
2021-05-04 00:52:42,182 [INFO] OpenFileManager:274 - Change cursor
2021-05-04 00:52:42,187 [WARN] ThirdParty:204 - Use empty third party IP manager
2021-05-04 00:52:42,225 [WARN] IntegrityCheckThread:59 - waiting for thirdparty lock release [integrity check]
2021-05-04 00:52:42,225 [INFO] IntegrityCheckThread:61 - entering critical section [integrity check]
2021-05-04 00:52:42,357 [INFO] ThirdParty:887 - Integrity check success = true
2021-05-04 00:52:42,358 [INFO] IntegrityCheckThread:75 - exiting critical section [integrity check]
2021-05-04 00:52:42,358 [INFO] IntegrityCheckThread:78 - End integrity checks thread
2021-05-04 00:52:52,198 [INFO] ImportTextPane:162 - (OptionalMessage_ERROR) Unable to find key (Mcu.ThirdPartyNb) in loaded IOC file
2021-05-04 00:52:52,198 [INFO] ImportTextPane:162 - (OptionalMessage_ERROR) Unable to find key (Mcu.PinsNb) in loaded IOC file
2021-05-04 00:52:52,199 [INFO] ImportTextPane:162 - (OptionalMessage_ERROR) Unable to find key (Mcu.IPNb) in loaded IOC file
2021-05-04 00:52:52,511 [INFO] RtosManager:464 - Registered RTOS mode: class=CMSIS, group=RTOS, mode=CMSIS_V1, owner=FREERTOS
2021-05-04 00:52:52,512 [INFO] RtosManager:464 - Registered RTOS mode: class=CMSIS, group=RTOS2, mode=CMSIS_V2, owner=FREERTOS
2021-05-04 00:52:52,513 [INFO] RtosManager:464 - Registered RTOS mode: class=RTOS, group=Core, mode=CMSIS_V1, owner=FREERTOS
2021-05-04 00:52:52,513 [INFO] RtosManager:464 - Registered RTOS mode: class=RTOS, group=Core, mode=CMSIS_V2, owner=FREERTOS
2021-05-04 00:52:52,514 [WARN] ModelIntegratedComponent:182 - Missing modes for component STMicroelectronics:FreeRTOS:0.0.1:STMicroelectronics:RTOS:FreeRTOS:Core:::10.2.0:
2021-05-04 00:52:52,526 [WARN] ModelIntegratedComponent:51 - No mode defined for component null
2021-05-04 00:52:52,526 [WARN] ModelIntegratedComponent:51 - No mode defined for component null
2021-05-04 00:52:52,527 [WARN] ModelIntegratedComponent:51 - No mode defined for component null
2021-05-04 00:52:52,527 [WARN] ModelIntegratedComponent:51 - No mode defined for component null
2021-05-04 00:52:52,527 [WARN] ModelIntegratedComponent:51 - No mode defined for component null
2021-05-04 00:52:52,527 [WARN] ModelIntegratedComponent:51 - No mode defined for component null
2021-05-04 00:52:52,528 [WARN] ModelIntegratedComponent:51 - No mode defined for component null
2021-05-04 00:52:52,528 [WARN] ModelIntegratedComponent:51 - No mode defined for component null
2021-05-04 00:52:52,528 [WARN] ModelIntegratedComponent:51 - No mode defined for component null
2021-05-04 00:52:52,528 [WARN] ModelIntegratedComponent:51 - No mode defined for component null
2021-05-04 00:52:52,529 [WARN] ModelIntegratedComponent:51 - No mode defined for component null
2021-05-04 00:52:52,529 [WARN] ModelIntegratedComponent:51 - No mode defined for component null
2021-05-04 00:52:52,529 [WARN] ModelIntegratedComponent:51 - No mode defined for component null
2021-05-04 00:52:52,530 [WARN] ModelIntegratedComponent:51 - No mode defined for component null
2021-05-04 00:52:52,530 [WARN] ModelIntegratedComponent:51 - No mode defined for component null
2021-05-04 00:52:52,530 [WARN] ModelIntegratedComponent:51 - No mode defined for component null
2021-05-04 00:52:52,530 [WARN] ModelIntegratedComponent:51 - No mode defined for component null
2021-05-04 00:52:52,531 [WARN] ModelIntegratedComponent:51 - No mode defined for component null
2021-05-04 00:52:52,531 [WARN] ModelIntegratedComponent:51 - No mode defined for component null
2021-05-04 00:52:52,531 [WARN] ModelIntegratedComponent:51 - No mode defined for component null
2021-05-04 00:52:52,531 [WARN] ModelIntegratedComponent:51 - No mode defined for component null
2021-05-04 00:52:52,532 [WARN] ModelIntegratedComponent:51 - No mode defined for component null
2021-05-04 00:52:52,532 [WARN] ModelIntegratedComponent:51 - No mode defined for component null
2021-05-04 00:52:52,532 [WARN] ModelIntegratedComponent:51 - No mode defined for component null
2021-05-04 00:52:52,533 [WARN] ModelIntegratedComponent:51 - No mode defined for component null
2021-05-04 00:52:52,533 [WARN] ModelIntegratedComponent:51 - No mode defined for component null
2021-05-04 00:52:52,534 [WARN] ModelIntegratedComponent:51 - No mode defined for component null
2021-05-04 00:52:52,534 [WARN] ModelIntegratedComponent:51 - No mode defined for component null
2021-05-04 00:52:52,534 [WARN] ModelIntegratedComponent:51 - No mode defined for component null
2021-05-04 00:52:52,534 [WARN] ModelIntegratedComponent:51 - No mode defined for component null
2021-05-04 00:52:52,535 [WARN] ModelIntegratedComponent:51 - No mode defined for component null
2021-05-04 00:52:52,535 [WARN] ModelIntegratedComponent:51 - No mode defined for component null
2021-05-04 00:52:52,535 [WARN] ModelIntegratedComponent:51 - No mode defined for component null
2021-05-04 00:52:52,536 [WARN] ModelIntegratedComponent:51 - No mode defined for component null
2021-05-04 00:52:52,536 [WARN] ModelIntegratedComponent:51 - No mode defined for component null
2021-05-04 00:52:52,536 [WARN] ModelIntegratedComponent:51 - No mode defined for component null
2021-05-04 00:52:52,536 [WARN] ModelIntegratedComponent:51 - No mode defined for component null
2021-05-04 00:52:52,537 [WARN] ModelIntegratedComponent:51 - No mode defined for component null
2021-05-04 00:52:54,012 [INFO] UtilMem:74 - End LoadConfig() Used Memory: 473922848 Bytes (867172352)
2021-05-04 00:52:54,081 [WARN] ThirdParty:749 - waiting for thirdparty lock release [change project]
2021-05-04 00:52:54,081 [INFO] ThirdParty:751 - entering critical section [change project]
2021-05-04 00:52:54,081 [INFO] ThirdParty:939 - CMSIS Pack Vendor :STMicroelectronics USB_HOST 2.0.0
2021-05-04 00:52:54,082 [INFO] ThirdParty:939 - CMSIS Pack Vendor :STMicroelectronics FreeRTOS 0.0.1
2021-05-04 00:52:54,082 [INFO] ThirdParty:939 - CMSIS Pack Vendor :STMicroelectronics USB_DEVICE 1.0.0
2021-05-04 00:52:54,082 [INFO] ThirdParty:939 - CMSIS Pack Vendor :STMicroelectronics USB_DEVICE 3.0.0
2021-05-04 00:52:54,082 [INFO] ThirdParty:939 - CMSIS Pack Vendor :STMicroelectronics HAL Drivers 0.0.0
2021-05-04 00:52:54,082 [INFO] ThirdParty:939 - CMSIS Pack Vendor :STMicroelectronics MBEDTLS 2.16.2
2021-05-04 00:52:54,082 [INFO] ThirdParty:939 - CMSIS Pack Vendor :STMicroelectronics lwIP 2.0.3
2021-05-04 00:52:54,083 [INFO] ThirdParty:939 - CMSIS Pack Vendor :STMicroelectronics lwIP 2.1.2
2021-05-04 00:52:54,083 [INFO] ThirdParty:939 - CMSIS Pack Vendor :STMicroelectronics MBEDTLS 2.14.1
2021-05-04 00:52:54,083 [INFO] ThirdParty:939 - CMSIS Pack Vendor :STMicroelectronics USB_HOST 1.0.0
2021-05-04 00:52:54,083 [INFO] ThirdParty:939 - CMSIS Pack Vendor :STMicroelectronics PDM2PCM 3.1.0
2021-05-04 00:52:54,083 [INFO] ThirdParty:939 - CMSIS Pack Vendor :STMicroelectronics PDM2PCM 3.2.0
2021-05-04 00:52:54,083 [INFO] ThirdParty:939 - CMSIS Pack Vendor :STMicroelectronics USB_DEVICE 2.0.0
2021-05-04 00:52:54,084 [INFO] ThirdParty:939 - CMSIS Pack Vendor :STMicroelectronics PDM2PCM 3.3.0
2021-05-04 00:52:54,084 [INFO] ThirdParty:757 - exiting critical section [change project]
2021-05-04 00:52:55,381 [INFO] PinOutPanel:1434 - setPackage(No Configuration,No Configuration)
2021-05-04 00:52:55,384 [INFO] PinOutPanel:1434 - setPackage(STM32F072C8Tx,LQFP48)
2021-05-04 00:52:58,720 [INFO] UtilMem:74 - Before build in PCC Used Memory: 547096712 Bytes (867172352)
2021-05-04 00:53:00,619 [INFO] SharedServices:72 - Folder for power plug-in: C:/Users/Михаил/.stm32cubemx/plugins/power
2021-05-04 00:53:00,918 [INFO] SharedServices:72 - Folder for power plug-in: C:/Users/Михаил/.stm32cubemx/plugins/power
2021-05-04 00:53:01,048 [INFO] SharedServices:72 - Folder for power plug-in: C:/Users/Михаил/.stm32cubemx/plugins/power
2021-05-04 00:53:01,087 [INFO] SharedServices:72 - Folder for power plug-in: C:/Users/Михаил/.stm32cubemx/plugins/power
2021-05-04 00:53:01,841 [INFO] UtilMem:74 - After build in PCC Used Memory: 603725976 Bytes (867172352)
2021-05-04 00:53:01,932 [INFO] IPUIPlugin:64 - create IPUIPlugin
2021-05-04 00:53:01,933 [INFO] IPUIPlugin:64 - create IPUIPlugin
2021-05-04 00:53:01,933 [INFO] IPUIPlugin:64 - create IPUIPlugin
2021-05-04 00:53:01,934 [INFO] IPUIPlugin:64 - create IPUIPlugin
2021-05-04 00:53:01,935 [INFO] IPUIPlugin:64 - create IPUIPlugin
2021-05-04 00:53:01,935 [INFO] IPUIPlugin:64 - create IPUIPlugin
2021-05-04 00:53:01,936 [INFO] IPUIPlugin:64 - create IPUIPlugin
2021-05-04 00:53:01,937 [INFO] IPUIPlugin:64 - create IPUIPlugin
2021-05-04 00:53:01,938 [INFO] IPUIPlugin:64 - create IPUIPlugin
2021-05-04 00:53:01,939 [INFO] IPUIPlugin:64 - create IPUIPlugin
2021-05-04 00:53:01,939 [INFO] IPUIPlugin:64 - create IPUIPlugin
2021-05-04 00:53:01,940 [INFO] IPUIPlugin:64 - create IPUIPlugin
2021-05-04 00:53:01,940 [INFO] IPUIPlugin:64 - create IPUIPlugin
2021-05-04 00:53:01,941 [INFO] IPUIPlugin:64 - create IPUIPlugin
2021-05-04 00:53:01,942 [INFO] IPUIPlugin:64 - create IPUIPlugin
2021-05-04 00:53:01,945 [INFO] IPUIPlugin:64 - create IPUIPlugin
2021-05-04 00:53:01,946 [INFO] IPUIPlugin:64 - create IPUIPlugin
2021-05-04 00:53:01,946 [INFO] IPUIPlugin:64 - create IPUIPlugin
2021-05-04 00:53:01,947 [INFO] IPUIPlugin:64 - create IPUIPlugin
2021-05-04 00:53:01,948 [INFO] IPUIPlugin:64 - create IPUIPlugin
2021-05-04 00:53:01,948 [INFO] IPUIPlugin:64 - create IPUIPlugin
2021-05-04 00:53:01,949 [INFO] IPUIPlugin:64 - create IPUIPlugin
2021-05-04 00:53:01,950 [INFO] IPUIPlugin:64 - create IPUIPlugin
2021-05-04 00:53:01,951 [INFO] IPUIPlugin:64 - create IPUIPlugin
2021-05-04 00:53:01,951 [INFO] IPUIPlugin:64 - create IPUIPlugin
2021-05-04 00:53:01,953 [INFO] IPUIPlugin:64 - create IPUIPlugin
2021-05-04 00:53:01,954 [INFO] IPUIPlugin:64 - create IPUIPlugin
2021-05-04 00:53:01,955 [INFO] IPUIPlugin:64 - create IPUIPlugin
2021-05-04 00:53:01,956 [INFO] IPUIPlugin:64 - create IPUIPlugin
2021-05-04 00:53:01,957 [INFO] IPUIPlugin:64 - create IPUIPlugin
2021-05-04 00:53:01,958 [INFO] IPUIPlugin:64 - create IPUIPlugin
2021-05-04 00:53:01,966 [INFO] IPUIPlugin:64 - create IPUIPlugin
2021-05-04 00:53:01,967 [INFO] IPUIPlugin:64 - create IPUIPlugin
2021-05-04 00:53:01,968 [INFO] IPUIPlugin:64 - create IPUIPlugin
2021-05-04 00:53:01,970 [INFO] IPUIPlugin:64 - create IPUIPlugin
2021-05-04 00:53:01,972 [INFO] IPUIPlugin:64 - create IPUIPlugin
2021-05-04 00:53:01,973 [INFO] IPUIPlugin:64 - create IPUIPlugin
2021-05-04 00:53:01,974 [INFO] IPUIPlugin:64 - create IPUIPlugin
2021-05-04 00:53:01,975 [INFO] IPUIPlugin:64 - create IPUIPlugin
2021-05-04 00:53:01,976 [INFO] IPUIPlugin:64 - create IPUIPlugin
2021-05-04 00:53:01,978 [INFO] IPUIPlugin:64 - create IPUIPlugin
2021-05-04 00:53:02,242 [INFO] LogOutputStream:76 - [STDOUT_REDIRECT] toolchainItems.length=====1
2021-05-04 00:53:02,815 [INFO] OpenFileManager:294 - Restore cursor
2021-05-04 00:53:03,734 [INFO] UtilMem:74 - End SaveConfig() Used Memory: 651954312 Bytes (867172352)
2021-05-04 00:53:04,167 [INFO] UtilMem:74 - End SaveConfig() Used Memory: 658245768 Bytes (867172352)
2021-05-04 00:53:05,803 [INFO] BlockDiagram:2735 - set Specific Code input for plugin: NVIC
2021-05-04 00:53:05,803 [INFO] BlockDiagram:2735 - set Specific Code input for plugin: SYS
2021-05-04 00:53:05,804 [INFO] BlockDiagram:2735 - set Specific Code input for plugin: RCC
2021-05-04 00:53:05,807 [INFO] CodeGenerator:639 - code generatio: config db path: C:\ST\STM32CubeIDE_1.5.1\STM32CubeIDE\plugins\com.st.stm32cube.common.mx_6.1.1.202012091304\\db\
2021-05-04 00:53:07,430 [INFO] CodeEngine:229 - oldGeneratedFile, C:\Video\UART\UART_IT_CallBack\MXTmpFiles\license.tmp_save
2021-05-04 00:53:08,786 [INFO] CodeEngine:247 - Generated code: C:\Video\UART\UART_IT_CallBack\MXTmpFiles\license.tmp
2021-05-04 00:53:09,451 [INFO] CodeEngine:229 - oldGeneratedFile, C:\Video\UART\UART_IT_CallBack\Core\Src\stm32f0xx_it.c_save
2021-05-04 00:53:09,982 [INFO] CodeEngine:247 - Generated code: C:\Video\UART\UART_IT_CallBack\Core\Src\stm32f0xx_it.c
2021-05-04 00:53:10,004 [INFO] CodeEngine:229 - oldGeneratedFile, C:\Video\UART\UART_IT_CallBack\Core\Inc\stm32f0xx_it.h_save
2021-05-04 00:53:10,228 [INFO] CodeEngine:247 - Generated code: C:\Video\UART\UART_IT_CallBack\Core\Inc\stm32f0xx_it.h
2021-05-04 00:53:10,253 [INFO] CodeEngine:229 - oldGeneratedFile, C:\Video\UART\UART_IT_CallBack\Core\Src\stm32f0xx_hal_msp.c_save
2021-05-04 00:53:11,029 [INFO] CodeEngine:247 - Generated code: C:\Video\UART\UART_IT_CallBack\Core\Src\stm32f0xx_hal_msp.c
2021-05-04 00:53:11,074 [INFO] CodeEngine:229 - oldGeneratedFile, C:\Video\UART\UART_IT_CallBack\MXTmpFiles\system.tmp_save
2021-05-04 00:53:11,234 [INFO] CodeEngine:247 - Generated code: C:\Video\UART\UART_IT_CallBack\MXTmpFiles\system.tmp
2021-05-04 00:53:11,262 [INFO] CodeEngine:229 - oldGeneratedFile, C:\Video\UART\UART_IT_CallBack\Core\Inc\stm32f0xx_hal_conf.h_save
2021-05-04 00:53:11,655 [INFO] CodeEngine:247 - Generated code: C:\Video\UART\UART_IT_CallBack\Core\Inc\stm32f0xx_hal_conf.h
2021-05-04 00:53:13,137 [INFO] CodeEngine:229 - oldGeneratedFile, C:\Video\UART\UART_IT_CallBack\Core\Inc\main.h_save
2021-05-04 00:53:13,344 [INFO] CodeEngine:247 - Generated code: C:\Video\UART\UART_IT_CallBack\Core\Inc\main.h
2021-05-04 00:53:13,349 [INFO] CodeEngine:229 - oldGeneratedFile, C:\Video\UART\UART_IT_CallBack\Core\Src\main.c_save
2021-05-04 00:53:13,617 [INFO] CodeEngine:247 - Generated code: C:\Video\UART\UART_IT_CallBack\Core\Src\main.c
2021-05-04 00:53:17,114 [INFO] ProjectBuilder:2328 - Time for Copy HAL[1] : 1061mS.
2021-05-04 00:53:17,147 [INFO] ProjectBuilder:3259 - Project Generator version: 3.11.2
2021-05-04 00:53:19,393 [INFO] ConfigFileManager:1238 - The Die is : DIE448
2021-05-04 00:53:19,695 [INFO] ApiDbMcu:456 - Load IP Config File for FATFS
2021-05-04 00:53:19,740 [INFO] ApiDbMcu:456 - Load IP Config File for FREERTOS
2021-05-04 00:53:19,810 [INFO] ApiDbMcu:456 - Load IP Config File for TOUCHSENSING
2021-05-04 00:53:19,840 [INFO] ApiDbMcu:456 - Load IP Config File for USB_DEVICE
2021-05-04 00:53:37,846 [INFO] ProjectBuilder:3425 - Time for Generating toolchain IDE Files: 20699mS.
2021-05-04 00:53:37,847 [INFO] ProjectBuilder:2207 - Time for Copy CMSIS : 1mS.
2021-05-04 00:53:37,849 [INFO] ProjectBuilder:2207 - Time for Copy CMSIS : 0mS.
2021-05-04 00:53:38,940 [INFO] ApiDb:263 - Save user favorites file C:\Users\Михаил/.stm32cubeide/favorites.mcus.txt: 0 item(s)
2021-05-04 00:53:38,940 [INFO] ApiDb:267 - User favorites MCUs=[]
2021-05-04 00:54:30,414 [INFO] UtilMem:74 - End SaveConfig() Used Memory: 766009328 Bytes (1040187392)
2021-05-04 00:54:38,430 [INFO] UtilMem:74 - End SaveConfig() Used Memory: 440905696 Bytes (1040187392)
2021-05-04 00:54:38,933 [INFO] BlockDiagram:2735 - set Specific Code input for plugin: NVIC
2021-05-04 00:54:38,933 [INFO] BlockDiagram:2735 - set Specific Code input for plugin: USART
2021-05-04 00:54:38,933 [INFO] BlockDiagram:2735 - set Specific Code input for plugin: SYS
2021-05-04 00:54:38,934 [INFO] BlockDiagram:2735 - set Specific Code input for plugin: GPIO
2021-05-04 00:54:38,934 [INFO] BlockDiagram:2735 - set Specific Code input for plugin: RCC
2021-05-04 00:54:38,935 [INFO] CodeGenerator:639 - code generatio: config db path: C:\ST\STM32CubeIDE_1.5.1\STM32CubeIDE\plugins\com.st.stm32cube.common.mx_6.1.1.202012091304\\db\
2021-05-04 00:54:39,400 [INFO] CodeEngine:229 - oldGeneratedFile, C:\Video\UART\UART_IT_CallBack\MXTmpFiles\license.tmp_save
2021-05-04 00:54:39,624 [INFO] CodeEngine:247 - Generated code: C:\Video\UART\UART_IT_CallBack\MXTmpFiles\license.tmp
2021-05-04 00:54:39,945 [INFO] CodeEngine:229 - oldGeneratedFile, C:\Video\UART\UART_IT_CallBack\MXTmpFiles\gpio.tmp_save
2021-05-04 00:54:40,197 [INFO] CodeEngine:247 - Generated code: C:\Video\UART\UART_IT_CallBack\MXTmpFiles\gpio.tmp
2021-05-04 00:54:40,728 [INFO] LogOutputStream:76 - [STDOUT_REDIRECT] Command line
2021-05-04 00:54:40,745 [INFO] CodeEngine:229 - oldGeneratedFile, C:\Video\UART\UART_IT_CallBack\Core\Src\stm32f0xx_it.c_save
2021-05-04 00:54:40,967 [INFO] CodeEngine:247 - Generated code: C:\Video\UART\UART_IT_CallBack\Core\Src\stm32f0xx_it.c
2021-05-04 00:54:40,975 [INFO] CodeEngine:229 - oldGeneratedFile, C:\Video\UART\UART_IT_CallBack\Core\Inc\stm32f0xx_it.h_save
2021-05-04 00:54:41,152 [INFO] CodeEngine:247 - Generated code: C:\Video\UART\UART_IT_CallBack\Core\Inc\stm32f0xx_it.h
2021-05-04 00:54:41,166 [INFO] CodeEngine:229 - oldGeneratedFile, C:\Video\UART\UART_IT_CallBack\Core\Src\stm32f0xx_hal_msp.c_save
2021-05-04 00:54:41,419 [INFO] CodeEngine:247 - Generated code: C:\Video\UART\UART_IT_CallBack\Core\Src\stm32f0xx_hal_msp.c
2021-05-04 00:54:41,423 [INFO] CodeEngine:229 - oldGeneratedFile, C:\Video\UART\UART_IT_CallBack\MXTmpFiles\system.tmp_save
2021-05-04 00:54:41,545 [INFO] CodeEngine:247 - Generated code: C:\Video\UART\UART_IT_CallBack\MXTmpFiles\system.tmp
2021-05-04 00:54:41,557 [INFO] CodeEngine:229 - oldGeneratedFile, C:\Video\UART\UART_IT_CallBack\Core\Inc\stm32f0xx_hal_conf.h_save
2021-05-04 00:54:41,705 [INFO] CodeEngine:247 - Generated code: C:\Video\UART\UART_IT_CallBack\Core\Inc\stm32f0xx_hal_conf.h
2021-05-04 00:54:41,773 [INFO] CodeEngine:229 - oldGeneratedFile, C:\Video\UART\UART_IT_CallBack\Core\Inc\main.h_save
2021-05-04 00:54:41,923 [INFO] CodeEngine:247 - Generated code: C:\Video\UART\UART_IT_CallBack\Core\Inc\main.h
2021-05-04 00:54:41,929 [INFO] CodeEngine:229 - oldGeneratedFile, C:\Video\UART\UART_IT_CallBack\Core\Src\main.c_save
2021-05-04 00:54:42,279 [INFO] CodeEngine:247 - Generated code: C:\Video\UART\UART_IT_CallBack\Core\Src\main.c
2021-05-04 00:54:47,628 [INFO] ProjectBuilder:2328 - Time for Copy HAL[1] : 2349mS.
2021-05-04 00:54:47,640 [INFO] ProjectBuilder:3259 - Project Generator version: 3.11.2
2021-05-04 00:54:48,483 [INFO] ConfigFileManager:1238 - The Die is : DIE448
2021-05-04 00:54:56,339 [INFO] ProjectBuilder:3425 - Time for Generating toolchain IDE Files: 8699mS.
2021-05-04 00:54:56,340 [INFO] ProjectBuilder:2207 - Time for Copy CMSIS : 1mS.
2021-05-04 00:54:56,342 [INFO] ProjectBuilder:2207 - Time for Copy CMSIS : 0mS.
2021-05-04 00:59:14,192 [INFO] Activator:170 - 


2021-05-04 00:59:14,201 [INFO] Activator:171 - !SESSION log4j initialized
2021-05-04 00:59:29,664 [INFO] McuFinderGlobals:40 - Set McuFinder mode to 2 (CubeIDE integrated)
2021-05-04 00:59:30,003 [INFO] ApplicationProperties:181 - Using Application install path: C:\ST\STM32CubeIDE_1.5.1\STM32CubeIDE\plugins\com.st.stm32cube.common.mx_6.1.1.202012091304
2021-05-04 00:59:30,025 [INFO] DbMcusXml:71 - Set database path to: C:\ST\STM32CubeIDE_1.5.1\STM32CubeIDE\plugins\com.st.stm32cube.common.mx_6.1.1.202012091304\\db\/mcu/
2021-05-04 00:59:30,034 [INFO] DbBoardsPdsc:57 - Set plugin database path to: C:\ST\STM32CubeIDE_1.5.1\STM32CubeIDE\plugins\com.st.stm32cube.common.mx_6.1.1.202012091304\\db\/plugins/boardmanager/
2021-05-04 00:59:30,035 [INFO] DbMcus:259 - Set plugin images path to: C:\ST\STM32CubeIDE_1.5.1\STM32CubeIDE\plugins\com.st.stm32cube.common.mx_6.1.1.202012091304\\db\/plugins/mcufinder/images/
2021-05-04 00:59:30,036 [INFO] DbBoards:265 - Set plugin images path to: C:\ST\STM32CubeIDE_1.5.1\STM32CubeIDE\plugins\com.st.stm32cube.common.mx_6.1.1.202012091304\\db\/plugins/mcufinder/images/
2021-05-04 00:59:30,041 [INFO] DbExamples:329 - Set plugin images path to: C:\ST\STM32CubeIDE_1.5.1\STM32CubeIDE\plugins\com.st.stm32cube.common.mx_6.1.1.202012091304\\db\/plugins/mcufinder/images/
2021-05-04 00:59:30,051 [INFO] DbMcusDocs:112 - Set database path to: C:\Users\Михаил\.stmcufinder\plugins\mcufinder//mcu/
2021-05-04 00:59:30,056 [INFO] DbMcusJson:63 - Set database path to: C:\Users\Михаил\.stmcufinder\plugins\mcufinder//mcu/
2021-05-04 00:59:30,058 [INFO] DbBoardsDocs:112 - Set database path to: C:\Users\Михаил\.stmcufinder\plugins\mcufinder//mcu/
2021-05-04 00:59:30,061 [INFO] DbBoardsJson:56 - Set database path to: C:\Users\Михаил\.stmcufinder\plugins\mcufinder//mcu/
2021-05-04 00:59:30,068 [INFO] CrossReferenceDbSqlite:196 - Set database path to: C:\Users\Михаил\.stmcufinder\plugins\mcufinder//mcu/cs/
2021-05-04 00:59:30,075 [INFO] DbExamplesSqlite:699 - Set database path to: C:\Users\Михаил\.stmcufinder\plugins\mcufinder//mcu/
2021-05-04 00:59:30,402 [INFO] RulesReader:52 - Compatibility file has been processed (228 Rules)
2021-05-04 00:59:30,592 [INFO] MicroXplorer:565 - Detected Java Version = 1.8.0_272
2021-05-04 00:59:30,593 [INFO] DbMcusXml:71 - Set database path to: C:\ST\STM32CubeIDE_1.5.1\STM32CubeIDE\plugins\com.st.stm32cube.common.mx_6.1.1.202012091304\\db\/mcu/
2021-05-04 00:59:30,598 [INFO] DbBoardsPdsc:57 - Set plugin database path to: C:\ST\STM32CubeIDE_1.5.1\STM32CubeIDE\plugins\com.st.stm32cube.common.mx_6.1.1.202012091304\\db\/plugins/boardmanager/
2021-05-04 00:59:30,599 [INFO] DbMcus:259 - Set plugin images path to: C:\ST\STM32CubeIDE_1.5.1\STM32CubeIDE\plugins\com.st.stm32cube.common.mx_6.1.1.202012091304\\db\/plugins/mcufinder/images/
2021-05-04 00:59:30,600 [INFO] DbBoards:265 - Set plugin images path to: C:\ST\STM32CubeIDE_1.5.1\STM32CubeIDE\plugins\com.st.stm32cube.common.mx_6.1.1.202012091304\\db\/plugins/mcufinder/images/
2021-05-04 00:59:30,601 [INFO] DbExamples:329 - Set plugin images path to: C:\ST\STM32CubeIDE_1.5.1\STM32CubeIDE\plugins\com.st.stm32cube.common.mx_6.1.1.202012091304\\db\/plugins/mcufinder/images/
2021-05-04 00:59:30,602 [WARN] DbFile:36 - Overriding database path with different value: C:\Users\Михаил\.stmcufinder\plugins\mcufinder/ => C:\Users\Михаил\.stmcufinder\plugins\mcufinder
2021-05-04 00:59:30,603 [INFO] DbMcusDocs:112 - Set database path to: C:\Users\Михаил\.stmcufinder\plugins\mcufinder//mcu/
2021-05-04 00:59:30,604 [WARN] DbFile:36 - Overriding database path with different value: C:\Users\Михаил\.stmcufinder\plugins\mcufinder/ => C:\Users\Михаил\.stmcufinder\plugins\mcufinder
2021-05-04 00:59:30,605 [INFO] DbMcusJson:63 - Set database path to: C:\Users\Михаил\.stmcufinder\plugins\mcufinder//mcu/
2021-05-04 00:59:30,606 [WARN] DbFile:36 - Overriding database path with different value: C:\Users\Михаил\.stmcufinder\plugins\mcufinder/ => C:\Users\Михаил\.stmcufinder\plugins\mcufinder
2021-05-04 00:59:30,607 [INFO] DbBoardsDocs:112 - Set database path to: C:\Users\Михаил\.stmcufinder\plugins\mcufinder//mcu/
2021-05-04 00:59:30,608 [WARN] DbFile:36 - Overriding database path with different value: C:\Users\Михаил\.stmcufinder\plugins\mcufinder/ => C:\Users\Михаил\.stmcufinder\plugins\mcufinder
2021-05-04 00:59:30,609 [INFO] DbBoardsJson:56 - Set database path to: C:\Users\Михаил\.stmcufinder\plugins\mcufinder//mcu/
2021-05-04 00:59:30,610 [WARN] DbFile:36 - Overriding database path with different value: C:\Users\Михаил\.stmcufinder\plugins\mcufinder/ => C:\Users\Михаил\.stmcufinder\plugins\mcufinder
2021-05-04 00:59:30,611 [WARN] DbFile:36 - Overriding database path with different value: C:\Users\Михаил\.stmcufinder\plugins\mcufinder/ => C:\Users\Михаил\.stmcufinder\plugins\mcufinder
2021-05-04 00:59:30,612 [INFO] CrossReferenceDbSqlite:196 - Set database path to: C:\Users\Михаил\.stmcufinder\plugins\mcufinder//mcu/cs/
2021-05-04 00:59:30,613 [WARN] DbFile:36 - Overriding database path with different value: C:\Users\Михаил\.stmcufinder\plugins\mcufinder/ => C:\Users\Михаил\.stmcufinder\plugins\mcufinder
2021-05-04 00:59:30,613 [INFO] DbExamplesSqlite:699 - Set database path to: C:\Users\Михаил\.stmcufinder\plugins\mcufinder//mcu/
2021-05-04 00:59:30,755 [INFO] MainPanel:190 - HeapMemory: 268435456
2021-05-04 00:59:30,919 [INFO] DbMcusXml:71 - Set database path to: C:\ST\STM32CubeIDE_1.5.1\STM32CubeIDE\plugins\com.st.stm32cube.common.mx_6.1.1.202012091304\\db\/mcu/
2021-05-04 00:59:30,920 [INFO] DbBoardsPdsc:57 - Set plugin database path to: C:\ST\STM32CubeIDE_1.5.1\STM32CubeIDE\plugins\com.st.stm32cube.common.mx_6.1.1.202012091304\\db\/plugins/boardmanager/
2021-05-04 00:59:30,921 [INFO] DbMcus:259 - Set plugin images path to: C:\ST\STM32CubeIDE_1.5.1\STM32CubeIDE\plugins\com.st.stm32cube.common.mx_6.1.1.202012091304\\db\/plugins/mcufinder/images/
2021-05-04 00:59:30,922 [INFO] DbBoards:265 - Set plugin images path to: C:\ST\STM32CubeIDE_1.5.1\STM32CubeIDE\plugins\com.st.stm32cube.common.mx_6.1.1.202012091304\\db\/plugins/mcufinder/images/
2021-05-04 00:59:30,922 [INFO] DbExamples:329 - Set plugin images path to: C:\ST\STM32CubeIDE_1.5.1\STM32CubeIDE\plugins\com.st.stm32cube.common.mx_6.1.1.202012091304\\db\/plugins/mcufinder/images/
2021-05-04 00:59:30,923 [WARN] DbFile:36 - Overriding database path with different value: C:\Users\Михаил\.stmcufinder\plugins\mcufinder/ => C:\Users\Михаил\.stmcufinder\plugins\mcufinder
2021-05-04 00:59:30,924 [INFO] DbMcusDocs:112 - Set database path to: C:\Users\Михаил\.stmcufinder\plugins\mcufinder//mcu/
2021-05-04 00:59:30,925 [WARN] DbFile:36 - Overriding database path with different value: C:\Users\Михаил\.stmcufinder\plugins\mcufinder/ => C:\Users\Михаил\.stmcufinder\plugins\mcufinder
2021-05-04 00:59:30,926 [INFO] DbMcusJson:63 - Set database path to: C:\Users\Михаил\.stmcufinder\plugins\mcufinder//mcu/
2021-05-04 00:59:30,926 [WARN] DbFile:36 - Overriding database path with different value: C:\Users\Михаил\.stmcufinder\plugins\mcufinder/ => C:\Users\Михаил\.stmcufinder\plugins\mcufinder
2021-05-04 00:59:30,928 [INFO] DbBoardsDocs:112 - Set database path to: C:\Users\Михаил\.stmcufinder\plugins\mcufinder//mcu/
2021-05-04 00:59:30,930 [WARN] DbFile:36 - Overriding database path with different value: C:\Users\Михаил\.stmcufinder\plugins\mcufinder/ => C:\Users\Михаил\.stmcufinder\plugins\mcufinder
2021-05-04 00:59:30,930 [INFO] DbBoardsJson:56 - Set database path to: C:\Users\Михаил\.stmcufinder\plugins\mcufinder//mcu/
2021-05-04 00:59:30,931 [WARN] DbFile:36 - Overriding database path with different value: C:\Users\Михаил\.stmcufinder\plugins\mcufinder/ => C:\Users\Михаил\.stmcufinder\plugins\mcufinder
2021-05-04 00:59:30,931 [WARN] DbFile:36 - Overriding database path with different value: C:\Users\Михаил\.stmcufinder\plugins\mcufinder/ => C:\Users\Михаил\.stmcufinder\plugins\mcufinder
2021-05-04 00:59:30,932 [INFO] CrossReferenceDbSqlite:196 - Set database path to: C:\Users\Михаил\.stmcufinder\plugins\mcufinder//mcu/cs/
2021-05-04 00:59:30,933 [WARN] DbFile:36 - Overriding database path with different value: C:\Users\Михаил\.stmcufinder\plugins\mcufinder/ => C:\Users\Михаил\.stmcufinder\plugins\mcufinder
2021-05-04 00:59:30,933 [INFO] DbExamplesSqlite:699 - Set database path to: C:\Users\Михаил\.stmcufinder\plugins\mcufinder//mcu/
2021-05-04 00:59:30,981 [INFO] ApplicationProperties:181 - Using Application install path: C:\ST\STM32CubeIDE_1.5.1\STM32CubeIDE\plugins\com.st.stm32cube.common.mx_6.1.1.202012091304
2021-05-04 00:59:30,984 [INFO] PluginManage:178 - Search for loadable plugins [exclusion list=, ]
2021-05-04 00:59:30,987 [INFO] PluginManage:292 - Check plugin analytics
2021-05-04 00:59:31,485 [INFO] AnalyticsPlugin:225 - Accepted Software Licenses: 
2021-05-04 00:59:31,486 [INFO] AnalyticsPlugin:227 - Accepted CMSIS Pack Licenses: 
2021-05-04 00:59:31,487 [INFO] AnalyticsPlugin:229 - Accepted Firmware Licenses: 
2021-05-04 00:59:31,488 [INFO] PluginManage:342 - Loaded plugin analytics (category:tool,tabindex:-1)
2021-05-04 00:59:31,489 [INFO] PluginManage:292 - Check plugin clock
2021-05-04 00:59:31,525 [INFO] PluginManage:342 - Loaded plugin clock (category:base,tabindex:2)
2021-05-04 00:59:31,526 [INFO] PluginManage:292 - Check plugin ddr
2021-05-04 00:59:31,532 [INFO] PluginManage:342 - Loaded plugin ddr (category:tool,tabindex:6)
2021-05-04 00:59:31,533 [INFO] PluginManage:292 - Check plugin filemanager
2021-05-04 00:59:31,923 [INFO] PluginManage:342 - Loaded plugin filemanager (category:base,tabindex:10)
2021-05-04 00:59:31,924 [INFO] PluginManage:292 - Check plugin ipmanager
2021-05-04 00:59:31,950 [INFO] PluginManage:342 - Loaded plugin ipmanager (category:base,tabindex:5)
2021-05-04 00:59:31,951 [INFO] PluginManage:292 - Check plugin pinoutandconfiguration
2021-05-04 00:59:31,973 [INFO] PluginManage:342 - Loaded plugin pinoutandconfiguration (category:base,tabindex:1)
2021-05-04 00:59:31,974 [INFO] PluginManage:292 - Check plugin pinoutconfig
2021-05-04 00:59:32,058 [INFO] PluginManage:342 - Loaded plugin pinoutconfig (category:base,tabindex:0)
2021-05-04 00:59:32,059 [INFO] PluginManage:292 - Check plugin power
2021-05-04 00:59:32,084 [INFO] PluginManage:342 - Loaded plugin power (category:power,tabindex:4)
2021-05-04 00:59:32,085 [INFO] PluginManage:292 - Check plugin projectmanager
2021-05-04 00:59:32,176 [INFO] PluginManage:342 - Loaded plugin projectmanager (category:projectmanager,tabindex:3)
2021-05-04 00:59:32,178 [INFO] PluginManage:292 - Check plugin thirdparty
2021-05-04 00:59:32,783 [INFO] PluginManage:342 - Loaded plugin thirdparty (category:base,tabindex:-1)
2021-05-04 00:59:32,784 [INFO] PluginManage:292 - Check plugin tools
2021-05-04 00:59:32,790 [INFO] PluginManage:342 - Loaded plugin tools (category:base,tabindex:7)
2021-05-04 00:59:32,792 [INFO] PluginManage:292 - Check plugin tutovideos
2021-05-04 00:59:32,918 [WARN] IntegrityCheckThread:59 - waiting for thirdparty lock release [integrity check]
2021-05-04 00:59:32,924 [INFO] IntegrityCheckThread:61 - entering critical section [integrity check]
2021-05-04 00:59:32,924 [INFO] ThirdPartyUpdaterWithRetryManager:56 - Updater plugin not ready yet. [1/15]
2021-05-04 00:59:33,869 [INFO] PluginManage:342 - Loaded plugin tutovideos (category:base,tabindex:-1)
2021-05-04 00:59:33,870 [INFO] PluginManage:292 - Check plugin updater
2021-05-04 00:59:34,026 [INFO] PluginManage:342 - Loaded plugin updater (category:base,tabindex:12)
2021-05-04 00:59:34,028 [INFO] PluginManage:265 - PluginManage : Loaded plugins [13]
2021-05-04 00:59:34,581 [INFO] PinOutPanel:1434 - setPackage(No Configuration,No Configuration)
2021-05-04 00:59:34,832 [INFO] IPUIPlugin:64 - create IPUIPlugin
2021-05-04 00:59:34,833 [INFO] PluginManager:203 - loadIPPluginJar : add adc
2021-05-04 00:59:34,839 [INFO] IPUIPlugin:64 - create IPUIPlugin
2021-05-04 00:59:34,840 [INFO] PluginManager:203 - loadIPPluginJar : add aes
2021-05-04 00:59:34,850 [INFO] IPUIPlugin:64 - create IPUIPlugin
2021-05-04 00:59:34,854 [INFO] PluginManager:203 - loadIPPluginJar : add can
2021-05-04 00:59:34,860 [INFO] IPUIPlugin:64 - create IPUIPlugin
2021-05-04 00:59:34,862 [INFO] PluginManager:203 - loadIPPluginJar : add comp
2021-05-04 00:59:34,867 [INFO] IPUIPlugin:64 - create IPUIPlugin
2021-05-04 00:59:34,868 [INFO] PluginManager:203 - loadIPPluginJar : add cryp
2021-05-04 00:59:34,876 [INFO] IPUIPlugin:64 - create IPUIPlugin
2021-05-04 00:59:34,890 [INFO] PluginManager:203 - loadIPPluginJar : add dfsdm
2021-05-04 00:59:34,907 [INFO] IPUIPlugin:64 - create IPUIPlugin
2021-05-04 00:59:34,909 [INFO] PluginManager:203 - loadIPPluginJar : add dma
2021-05-04 00:59:34,913 [INFO] IPUIPlugin:64 - create IPUIPlugin
2021-05-04 00:59:34,914 [INFO] PluginManager:203 - loadIPPluginJar : add fatfs
2021-05-04 00:59:34,923 [INFO] IPUIPlugin:64 - create IPUIPlugin
2021-05-04 00:59:34,924 [INFO] PluginManager:203 - loadIPPluginJar : add fmc
2021-05-04 00:59:34,936 [INFO] IPUIPlugin:64 - create IPUIPlugin
2021-05-04 00:59:34,937 [INFO] PluginManager:203 - loadIPPluginJar : add freertos
2021-05-04 00:59:34,947 [INFO] IPUIPlugin:64 - create IPUIPlugin
2021-05-04 00:59:34,949 [INFO] PluginManager:203 - loadIPPluginJar : add genericplugin
2021-05-04 00:59:34,954 [INFO] IPUIPlugin:64 - create IPUIPlugin
2021-05-04 00:59:34,955 [INFO] PluginManager:203 - loadIPPluginJar : add gfxmmu
2021-05-04 00:59:34,967 [INFO] IPUIPlugin:64 - create IPUIPlugin
2021-05-04 00:59:34,968 [INFO] PluginManager:203 - loadIPPluginJar : add gic
2021-05-04 00:59:34,977 [INFO] IPUIPlugin:64 - create IPUIPlugin
2021-05-04 00:59:34,978 [INFO] PluginManager:203 - loadIPPluginJar : add gpio
2021-05-04 00:59:34,984 [INFO] IPUIPlugin:64 - create IPUIPlugin
2021-05-04 00:59:34,985 [INFO] PluginManager:203 - loadIPPluginJar : add gtzc
2021-05-04 00:59:34,990 [INFO] IPUIPlugin:64 - create IPUIPlugin
2021-05-04 00:59:34,991 [INFO] PluginManager:203 - loadIPPluginJar : add hash
2021-05-04 00:59:34,997 [INFO] IPUIPlugin:64 - create IPUIPlugin
2021-05-04 00:59:34,998 [INFO] PluginManager:203 - loadIPPluginJar : add i2c
2021-05-04 00:59:35,004 [INFO] IPUIPlugin:64 - create IPUIPlugin
2021-05-04 00:59:35,005 [INFO] PluginManager:203 - loadIPPluginJar : add i2s
2021-05-04 00:59:35,011 [INFO] IPUIPlugin:64 - create IPUIPlugin
2021-05-04 00:59:35,012 [INFO] PluginManager:203 - loadIPPluginJar : add ipddr
2021-05-04 00:59:35,018 [INFO] IPUIPlugin:64 - create IPUIPlugin
2021-05-04 00:59:35,019 [INFO] PluginManager:203 - loadIPPluginJar : add lorawan
2021-05-04 00:59:35,024 [INFO] IPUIPlugin:64 - create IPUIPlugin
2021-05-04 00:59:35,025 [INFO] PluginManager:203 - loadIPPluginJar : add ltdc
2021-05-04 00:59:35,034 [INFO] IPUIPlugin:64 - create IPUIPlugin
2021-05-04 00:59:35,036 [INFO] PluginManager:203 - loadIPPluginJar : add mdma
2021-05-04 00:59:35,044 [INFO] IPUIPlugin:64 - create IPUIPlugin
2021-05-04 00:59:35,045 [INFO] PluginManager:203 - loadIPPluginJar : add nvic
2021-05-04 00:59:35,051 [INFO] IPUIPlugin:64 - create IPUIPlugin
2021-05-04 00:59:35,052 [INFO] PluginManager:203 - loadIPPluginJar : add opamp
2021-05-04 00:59:35,059 [INFO] IPUIPlugin:64 - create IPUIPlugin
2021-05-04 00:59:35,060 [INFO] PluginManager:203 - loadIPPluginJar : add openamp
2021-05-04 00:59:35,067 [INFO] IPUIPlugin:64 - create IPUIPlugin
2021-05-04 00:59:35,067 [INFO] PluginManager:203 - loadIPPluginJar : add pdm2pcm
2021-05-04 00:59:35,081 [INFO] IPUIPlugin:64 - create IPUIPlugin
2021-05-04 00:59:35,089 [INFO] PluginManager:203 - loadIPPluginJar : add plateformsettings
2021-05-04 00:59:35,093 [INFO] IPUIPlugin:64 - create IPUIPlugin
2021-05-04 00:59:35,094 [INFO] PluginManager:203 - loadIPPluginJar : add quadspi
2021-05-04 00:59:35,101 [INFO] IPUIPlugin:64 - create IPUIPlugin
2021-05-04 00:59:35,102 [INFO] PluginManager:203 - loadIPPluginJar : add resmgrutility
2021-05-04 00:59:35,109 [INFO] IPUIPlugin:64 - create IPUIPlugin
2021-05-04 00:59:35,110 [INFO] PluginManager:203 - loadIPPluginJar : add sai
2021-05-04 00:59:35,116 [INFO] IPUIPlugin:64 - create IPUIPlugin
2021-05-04 00:59:35,116 [INFO] PluginManager:203 - loadIPPluginJar : add spi
2021-05-04 00:59:35,126 [INFO] IPUIPlugin:64 - create IPUIPlugin
2021-05-04 00:59:35,127 [INFO] PluginManager:203 - loadIPPluginJar : add stm32_wpan
2021-05-04 00:59:35,131 [INFO] IPUIPlugin:64 - create IPUIPlugin
2021-05-04 00:59:35,132 [INFO] PluginManager:203 - loadIPPluginJar : add tim
2021-05-04 00:59:35,140 [INFO] IPUIPlugin:64 - create IPUIPlugin
2021-05-04 00:59:35,144 [INFO] PluginManager:203 - loadIPPluginJar : add touchsensing
2021-05-04 00:59:35,150 [INFO] IPUIPlugin:64 - create IPUIPlugin
2021-05-04 00:59:35,150 [INFO] PluginManager:203 - loadIPPluginJar : add tracer_emb
2021-05-04 00:59:35,158 [INFO] IPUIPlugin:64 - create IPUIPlugin
2021-05-04 00:59:35,159 [INFO] PluginManager:203 - loadIPPluginJar : add ts
2021-05-04 00:59:35,165 [INFO] IPUIPlugin:64 - create IPUIPlugin
2021-05-04 00:59:35,166 [INFO] PluginManager:203 - loadIPPluginJar : add tsc
2021-05-04 00:59:35,172 [INFO] IPUIPlugin:64 - create IPUIPlugin
2021-05-04 00:59:35,173 [INFO] PluginManager:203 - loadIPPluginJar : add ucpd
2021-05-04 00:59:35,183 [INFO] IPUIPlugin:64 - create IPUIPlugin
2021-05-04 00:59:35,184 [INFO] PluginManager:203 - loadIPPluginJar : add usart
2021-05-04 00:59:35,723 [FATAL] Updater:284 - Updater called before beeing initialized
2021-05-04 00:59:35,925 [INFO] ThirdPartyUpdaterWithRetryManager:56 - Updater plugin not ready yet. [2/15]
2021-05-04 00:59:35,985 [FATAL] Updater:284 - Updater called before beeing initialized
2021-05-04 00:59:36,138 [WARN] DetailPanel:347 - Failed to get advertising image, set to default
2021-05-04 00:59:36,147 [FATAL] Updater:284 - Updater called before beeing initialized
2021-05-04 00:59:36,147 [WARN] DetailPanel:347 - Failed to get advertising image, set to default
2021-05-04 00:59:36,245 [FATAL] Updater:284 - Updater called before beeing initialized
2021-05-04 00:59:36,246 [WARN] ThirdParty:783 - waiting for thirdparty lock release [close project]
2021-05-04 00:59:38,927 [FATAL] Updater:284 - Updater called before beeing initialized
2021-05-04 00:59:38,928 [ERROR] AbstractThirdPartyUpdaterManager:153 - java.lang.Integer cannot be cast to java.util.List
2021-05-04 00:59:38,928 [INFO] ThirdParty:887 - Integrity check success = false
2021-05-04 00:59:38,930 [INFO] IntegrityCheckThread:75 - exiting critical section [integrity check]
2021-05-04 00:59:38,930 [INFO] IntegrityCheckThread:78 - End integrity checks thread
2021-05-04 00:59:38,930 [INFO] ThirdParty:785 - entering critical section [close project]
2021-05-04 00:59:38,936 [INFO] ThirdParty:796 - exiting critical section [close project]
2021-05-04 00:59:38,954 [INFO] PinOutPanel:1434 - setPackage(No Configuration,No Configuration)
2021-05-04 00:59:38,957 [FATAL] Updater:284 - Updater called before beeing initialized
2021-05-04 00:59:39,022 [ERROR] Updater:1065 - MainUpdater not yet initialized. External WinMGr cannot be set.
2021-05-04 00:59:39,052 [INFO] Updater:1002 - Updater Version found : 6.1.1
2021-05-04 00:59:39,112 [INFO] ApplicationProperties:181 - Using Application install path: C:\ST\STM32CubeIDE_1.5.1\STM32CubeIDE\plugins\com.st.stm32cube.common.mx_6.1.1.202012091304
2021-05-04 00:59:40,496 [INFO] MainUpdater:2644 - connection check result : 10
2021-05-04 00:59:40,500 [INFO] MainUpdater:249 - Updater Check For Update Now.
2021-05-04 00:59:40,501 [INFO] MicroXplorer:415 - Change Database Version : DB.6.0.10
2021-05-04 00:59:40,695 [INFO] CheckServerUpdateThread:102 - End of CheckServer Thread
2021-05-04 00:59:40,718 [INFO] MainUpdater:2644 - connection check result : 10
2021-05-04 00:59:40,731 [INFO] MainUpdater:2644 - connection check result : 10
2021-05-04 00:59:41,171 [INFO] MicroXplorer:385 - Change Database Path : 
2021-05-04 00:59:41,172 [INFO] MicroXplorer:415 - Change Database Version : DB.6.0.10
2021-05-04 00:59:41,173 [WARN] ThirdParty:783 - waiting for thirdparty lock release [close project]
2021-05-04 00:59:41,174 [INFO] ThirdParty:785 - entering critical section [close project]
2021-05-04 00:59:41,174 [INFO] ThirdParty:796 - exiting critical section [close project]
2021-05-04 00:59:41,182 [INFO] PinOutPanel:1434 - setPackage(No Configuration,No Configuration)
2021-05-04 00:59:41,185 [INFO] UtilMem:74 - Begin LoadConfig() Used Memory: 160503464 Bytes (268435456)
2021-05-04 00:59:41,187 [INFO] MicroXplorer:385 - Change Database Path : 
2021-05-04 00:59:41,187 [INFO] MicroXplorer:415 - Change Database Version : DB.6.0.10
2021-05-04 00:59:41,188 [INFO] OpenFileManager:274 - Change cursor
2021-05-04 00:59:41,251 [WARN] ThirdParty:204 - Use empty third party IP manager
2021-05-04 00:59:41,288 [WARN] IntegrityCheckThread:59 - waiting for thirdparty lock release [integrity check]
2021-05-04 00:59:41,289 [INFO] IntegrityCheckThread:61 - entering critical section [integrity check]
2021-05-04 00:59:41,318 [INFO] ThirdParty:887 - Integrity check success = true
2021-05-04 00:59:41,319 [INFO] IntegrityCheckThread:75 - exiting critical section [integrity check]
2021-05-04 00:59:41,319 [INFO] IntegrityCheckThread:78 - End integrity checks thread
2021-05-04 00:59:47,776 [INFO] RtosManager:464 - Registered RTOS mode: class=CMSIS, group=RTOS, mode=CMSIS_V1, owner=FREERTOS
2021-05-04 00:59:47,777 [INFO] RtosManager:464 - Registered RTOS mode: class=CMSIS, group=RTOS2, mode=CMSIS_V2, owner=FREERTOS
2021-05-04 00:59:47,777 [INFO] RtosManager:464 - Registered RTOS mode: class=RTOS, group=Core, mode=CMSIS_V1, owner=FREERTOS
2021-05-04 00:59:47,778 [INFO] RtosManager:464 - Registered RTOS mode: class=RTOS, group=Core, mode=CMSIS_V2, owner=FREERTOS
2021-05-04 00:59:47,778 [WARN] ModelIntegratedComponent:182 - Missing modes for component STMicroelectronics:FreeRTOS:0.0.1:STMicroelectronics:RTOS:FreeRTOS:Core:::10.2.0:
2021-05-04 00:59:47,786 [WARN] ModelIntegratedComponent:51 - No mode defined for component null
2021-05-04 00:59:47,787 [WARN] ModelIntegratedComponent:51 - No mode defined for component null
2021-05-04 00:59:47,787 [WARN] ModelIntegratedComponent:51 - No mode defined for component null
2021-05-04 00:59:47,788 [WARN] ModelIntegratedComponent:51 - No mode defined for component null
2021-05-04 00:59:47,788 [WARN] ModelIntegratedComponent:51 - No mode defined for component null
2021-05-04 00:59:47,788 [WARN] ModelIntegratedComponent:51 - No mode defined for component null
2021-05-04 00:59:47,789 [WARN] ModelIntegratedComponent:51 - No mode defined for component null
2021-05-04 00:59:47,789 [WARN] ModelIntegratedComponent:51 - No mode defined for component null
2021-05-04 00:59:47,789 [WARN] ModelIntegratedComponent:51 - No mode defined for component null
2021-05-04 00:59:47,789 [WARN] ModelIntegratedComponent:51 - No mode defined for component null
2021-05-04 00:59:47,790 [WARN] ModelIntegratedComponent:51 - No mode defined for component null
2021-05-04 00:59:47,790 [WARN] ModelIntegratedComponent:51 - No mode defined for component null
2021-05-04 00:59:47,790 [WARN] ModelIntegratedComponent:51 - No mode defined for component null
2021-05-04 00:59:47,790 [WARN] ModelIntegratedComponent:51 - No mode defined for component null
2021-05-04 00:59:47,791 [WARN] ModelIntegratedComponent:51 - No mode defined for component null
2021-05-04 00:59:47,791 [WARN] ModelIntegratedComponent:51 - No mode defined for component null
2021-05-04 00:59:47,791 [WARN] ModelIntegratedComponent:51 - No mode defined for component null
2021-05-04 00:59:47,792 [WARN] ModelIntegratedComponent:51 - No mode defined for component null
2021-05-04 00:59:47,792 [WARN] ModelIntegratedComponent:51 - No mode defined for component null
2021-05-04 00:59:47,792 [WARN] ModelIntegratedComponent:51 - No mode defined for component null
2021-05-04 00:59:47,792 [WARN] ModelIntegratedComponent:51 - No mode defined for component null
2021-05-04 00:59:47,793 [WARN] ModelIntegratedComponent:51 - No mode defined for component null
2021-05-04 00:59:47,793 [WARN] ModelIntegratedComponent:51 - No mode defined for component null
2021-05-04 00:59:47,793 [WARN] ModelIntegratedComponent:51 - No mode defined for component null
2021-05-04 00:59:47,794 [WARN] ModelIntegratedComponent:51 - No mode defined for component null
2021-05-04 00:59:47,794 [WARN] ModelIntegratedComponent:51 - No mode defined for component null
2021-05-04 00:59:47,794 [WARN] ModelIntegratedComponent:51 - No mode defined for component null
2021-05-04 00:59:47,794 [WARN] ModelIntegratedComponent:51 - No mode defined for component null
2021-05-04 00:59:47,795 [WARN] ModelIntegratedComponent:51 - No mode defined for component null
2021-05-04 00:59:47,795 [WARN] ModelIntegratedComponent:51 - No mode defined for component null
2021-05-04 00:59:47,795 [WARN] ModelIntegratedComponent:51 - No mode defined for component null
2021-05-04 00:59:47,796 [WARN] ModelIntegratedComponent:51 - No mode defined for component null
2021-05-04 00:59:47,796 [WARN] ModelIntegratedComponent:51 - No mode defined for component null
2021-05-04 00:59:47,796 [WARN] ModelIntegratedComponent:51 - No mode defined for component null
2021-05-04 00:59:47,796 [WARN] ModelIntegratedComponent:51 - No mode defined for component null
2021-05-04 00:59:47,797 [WARN] ModelIntegratedComponent:51 - No mode defined for component null
2021-05-04 00:59:47,797 [WARN] ModelIntegratedComponent:51 - No mode defined for component null
2021-05-04 00:59:47,797 [WARN] ModelIntegratedComponent:51 - No mode defined for component null
2021-05-04 00:59:48,343 [INFO] UtilMem:74 - End LoadConfig() Used Memory: 122795424 Bytes (268435456)
2021-05-04 00:59:48,348 [INFO] DbMcusXml:97 - Load MCU database from C:\ST\STM32CubeIDE_1.5.1\STM32CubeIDE\plugins\com.st.stm32cube.common.mx_6.1.1.202012091304\\db\/mcu/families.xml
2021-05-04 00:59:52,311 [INFO] DbMcusJson:92 - JSON generation date=Mon Feb 08 18:35:07 GMT+05:00 2021 (1612791307)
2021-05-04 00:59:55,018 [INFO] DbMcus:176 - Found 1835 MCUs (1796 are supported by CubeMX, 1804 are visible in CubeMX)
2021-05-04 00:59:55,019 [INFO] ApiDb:238 - Load user favorites file C:\Users\Михаил/.stm32cubeide/favorites.mcus.txt: 0 item(s)
2021-05-04 00:59:55,019 [INFO] ApiDb:242 - User favorites MCUs=[]
2021-05-04 00:59:55,020 [INFO] DbMcus:188 - Set 0 / 0 favorites MCUs
2021-05-04 00:59:55,044 [WARN] ThirdParty:749 - waiting for thirdparty lock release [change project]
2021-05-04 00:59:55,044 [INFO] ThirdParty:751 - entering critical section [change project]
2021-05-04 00:59:55,044 [INFO] ThirdParty:939 - CMSIS Pack Vendor :STMicroelectronics USB_HOST 2.0.0
2021-05-04 00:59:55,045 [INFO] ThirdParty:939 - CMSIS Pack Vendor :STMicroelectronics FreeRTOS 0.0.1
2021-05-04 00:59:55,045 [INFO] ThirdParty:939 - CMSIS Pack Vendor :STMicroelectronics USB_DEVICE 1.0.0
2021-05-04 00:59:55,045 [INFO] ThirdParty:939 - CMSIS Pack Vendor :STMicroelectronics USB_DEVICE 3.0.0
2021-05-04 00:59:55,045 [INFO] ThirdParty:939 - CMSIS Pack Vendor :STMicroelectronics HAL Drivers 0.0.0
2021-05-04 00:59:55,045 [INFO] ThirdParty:939 - CMSIS Pack Vendor :STMicroelectronics MBEDTLS 2.16.2
2021-05-04 00:59:55,046 [INFO] ThirdParty:939 - CMSIS Pack Vendor :STMicroelectronics lwIP 2.0.3
2021-05-04 00:59:55,046 [INFO] ThirdParty:939 - CMSIS Pack Vendor :STMicroelectronics lwIP 2.1.2
2021-05-04 00:59:55,046 [INFO] ThirdParty:939 - CMSIS Pack Vendor :STMicroelectronics MBEDTLS 2.14.1
2021-05-04 00:59:55,046 [INFO] ThirdParty:939 - CMSIS Pack Vendor :STMicroelectronics USB_HOST 1.0.0
2021-05-04 00:59:55,046 [INFO] ThirdParty:939 - CMSIS Pack Vendor :STMicroelectronics PDM2PCM 3.1.0
2021-05-04 00:59:55,046 [INFO] ThirdParty:939 - CMSIS Pack Vendor :STMicroelectronics PDM2PCM 3.2.0
2021-05-04 00:59:55,047 [INFO] ThirdParty:939 - CMSIS Pack Vendor :STMicroelectronics USB_DEVICE 2.0.0
2021-05-04 00:59:55,047 [INFO] ThirdParty:939 - CMSIS Pack Vendor :STMicroelectronics PDM2PCM 3.3.0
2021-05-04 00:59:55,047 [INFO] ThirdParty:757 - exiting critical section [change project]
2021-05-04 00:59:56,674 [INFO] PinOutPanel:1434 - setPackage(No Configuration,No Configuration)
2021-05-04 00:59:56,678 [INFO] PinOutPanel:1434 - setPackage(STM32F072C8Tx,LQFP48)
2021-05-04 00:59:58,977 [INFO] UtilMem:74 - Before build in PCC Used Memory: 313822728 Bytes (485490688)
2021-05-04 01:00:00,081 [INFO] SharedServices:72 - Folder for power plug-in: C:/Users/Михаил/.stm32cubemx/plugins/power
2021-05-04 01:00:00,217 [INFO] SharedServices:72 - Folder for power plug-in: C:/Users/Михаил/.stm32cubemx/plugins/power
2021-05-04 01:00:00,404 [INFO] SharedServices:72 - Folder for power plug-in: C:/Users/Михаил/.stm32cubemx/plugins/power
2021-05-04 01:00:00,420 [INFO] SharedServices:72 - Folder for power plug-in: C:/Users/Михаил/.stm32cubemx/plugins/power
2021-05-04 01:00:00,749 [INFO] UtilMem:74 - After build in PCC Used Memory: 371494408 Bytes (485490688)
2021-05-04 01:00:00,835 [INFO] IPUIPlugin:64 - create IPUIPlugin
2021-05-04 01:00:00,836 [INFO] IPUIPlugin:64 - create IPUIPlugin
2021-05-04 01:00:00,836 [INFO] IPUIPlugin:64 - create IPUIPlugin
2021-05-04 01:00:00,836 [INFO] IPUIPlugin:64 - create IPUIPlugin
2021-05-04 01:00:00,837 [INFO] IPUIPlugin:64 - create IPUIPlugin
2021-05-04 01:00:00,838 [INFO] IPUIPlugin:64 - create IPUIPlugin
2021-05-04 01:00:00,838 [INFO] IPUIPlugin:64 - create IPUIPlugin
2021-05-04 01:00:00,839 [INFO] IPUIPlugin:64 - create IPUIPlugin
2021-05-04 01:00:00,839 [INFO] IPUIPlugin:64 - create IPUIPlugin
2021-05-04 01:00:00,840 [INFO] IPUIPlugin:64 - create IPUIPlugin
2021-05-04 01:00:00,840 [INFO] IPUIPlugin:64 - create IPUIPlugin
2021-05-04 01:00:00,841 [INFO] IPUIPlugin:64 - create IPUIPlugin
2021-05-04 01:00:00,841 [INFO] IPUIPlugin:64 - create IPUIPlugin
2021-05-04 01:00:00,842 [INFO] IPUIPlugin:64 - create IPUIPlugin
2021-05-04 01:00:00,844 [INFO] IPUIPlugin:64 - create IPUIPlugin
2021-05-04 01:00:00,848 [INFO] IPUIPlugin:64 - create IPUIPlugin
2021-05-04 01:00:00,849 [INFO] IPUIPlugin:64 - create IPUIPlugin
2021-05-04 01:00:00,850 [INFO] IPUIPlugin:64 - create IPUIPlugin
2021-05-04 01:00:00,850 [INFO] IPUIPlugin:64 - create IPUIPlugin
2021-05-04 01:00:00,851 [INFO] IPUIPlugin:64 - create IPUIPlugin
2021-05-04 01:00:00,852 [INFO] IPUIPlugin:64 - create IPUIPlugin
2021-05-04 01:00:00,852 [INFO] IPUIPlugin:64 - create IPUIPlugin
2021-05-04 01:00:00,853 [INFO] IPUIPlugin:64 - create IPUIPlugin
2021-05-04 01:00:00,854 [INFO] IPUIPlugin:64 - create IPUIPlugin
2021-05-04 01:00:00,854 [INFO] IPUIPlugin:64 - create IPUIPlugin
2021-05-04 01:00:00,855 [INFO] IPUIPlugin:64 - create IPUIPlugin
2021-05-04 01:00:00,856 [INFO] IPUIPlugin:64 - create IPUIPlugin
2021-05-04 01:00:00,857 [INFO] IPUIPlugin:64 - create IPUIPlugin
2021-05-04 01:00:00,857 [INFO] IPUIPlugin:64 - create IPUIPlugin
2021-05-04 01:00:00,858 [INFO] IPUIPlugin:64 - create IPUIPlugin
2021-05-04 01:00:00,859 [INFO] IPUIPlugin:64 - create IPUIPlugin
2021-05-04 01:00:00,860 [INFO] IPUIPlugin:64 - create IPUIPlugin
2021-05-04 01:00:00,861 [INFO] IPUIPlugin:64 - create IPUIPlugin
2021-05-04 01:00:00,870 [INFO] IPUIPlugin:64 - create IPUIPlugin
2021-05-04 01:00:00,874 [INFO] IPUIPlugin:64 - create IPUIPlugin
2021-05-04 01:00:00,879 [INFO] IPUIPlugin:64 - create IPUIPlugin
2021-05-04 01:00:00,881 [INFO] IPUIPlugin:64 - create IPUIPlugin
2021-05-04 01:00:00,882 [INFO] IPUIPlugin:64 - create IPUIPlugin
2021-05-04 01:00:00,883 [INFO] IPUIPlugin:64 - create IPUIPlugin
2021-05-04 01:00:00,885 [INFO] IPUIPlugin:64 - create IPUIPlugin
2021-05-04 01:00:00,886 [INFO] IPUIPlugin:64 - create IPUIPlugin
2021-05-04 01:00:01,048 [INFO] LogOutputStream:76 - [STDOUT_REDIRECT] toolchainItems.length=====1
2021-05-04 01:00:01,289 [INFO] OpenFileManager:294 - Restore cursor
2021-05-04 01:00:12,480 [INFO] NvicIntPanel:90 - NVIC parent = com.st.microxplorer.plugins.ip.nvic.MultiNvicIntPanel[,0,0,450x200,layout=javax.swing.BoxLayout,alignmentX=0.0,alignmentY=0.0,border=,flags=9,maximumSize=,minimumSize=,preferredSize=]
2021-05-04 01:00:18,522 [INFO] UtilMem:74 - End SaveConfig() Used Memory: 422704784 Bytes (613416960)
2021-05-04 01:00:20,785 [INFO] UtilMem:74 - End SaveConfig() Used Memory: 504251352 Bytes (613416960)
2021-05-04 01:00:21,827 [INFO] BlockDiagram:2735 - set Specific Code input for plugin: NVIC
2021-05-04 01:00:21,828 [INFO] BlockDiagram:2735 - set Specific Code input for plugin: USART
2021-05-04 01:00:21,828 [INFO] BlockDiagram:2735 - set Specific Code input for plugin: SYS
2021-05-04 01:00:21,828 [INFO] BlockDiagram:2735 - set Specific Code input for plugin: GPIO
2021-05-04 01:00:21,829 [INFO] BlockDiagram:2735 - set Specific Code input for plugin: RCC
2021-05-04 01:00:21,830 [INFO] CodeGenerator:639 - code generatio: config db path: C:\ST\STM32CubeIDE_1.5.1\STM32CubeIDE\plugins\com.st.stm32cube.common.mx_6.1.1.202012091304\\db\
2021-05-04 01:00:23,200 [INFO] CodeEngine:229 - oldGeneratedFile, C:\Video\UART\UART_IT_CallBack\MXTmpFiles\license.tmp_save
2021-05-04 01:00:24,447 [INFO] CodeEngine:247 - Generated code: C:\Video\UART\UART_IT_CallBack\MXTmpFiles\license.tmp
2021-05-04 01:00:24,821 [INFO] CodeEngine:229 - oldGeneratedFile, C:\Video\UART\UART_IT_CallBack\MXTmpFiles\gpio.tmp_save
2021-05-04 01:00:25,357 [INFO] CodeEngine:247 - Generated code: C:\Video\UART\UART_IT_CallBack\MXTmpFiles\gpio.tmp
2021-05-04 01:00:25,752 [INFO] LogOutputStream:76 - [STDOUT_REDIRECT] Command line
2021-05-04 01:00:25,767 [INFO] CodeEngine:229 - oldGeneratedFile, C:\Video\UART\UART_IT_CallBack\Core\Src\stm32f0xx_it.c_save
2021-05-04 01:00:26,285 [INFO] CodeEngine:247 - Generated code: C:\Video\UART\UART_IT_CallBack\Core\Src\stm32f0xx_it.c
2021-05-04 01:00:26,290 [INFO] CodeEngine:229 - oldGeneratedFile, C:\Video\UART\UART_IT_CallBack\Core\Inc\stm32f0xx_it.h_save
2021-05-04 01:00:27,236 [INFO] CodeEngine:247 - Generated code: C:\Video\UART\UART_IT_CallBack\Core\Inc\stm32f0xx_it.h
2021-05-04 01:00:27,274 [INFO] CodeEngine:229 - oldGeneratedFile, C:\Video\UART\UART_IT_CallBack\Core\Src\stm32f0xx_hal_msp.c_save
2021-05-04 01:00:27,614 [INFO] CodeEngine:247 - Generated code: C:\Video\UART\UART_IT_CallBack\Core\Src\stm32f0xx_hal_msp.c
2021-05-04 01:00:27,618 [INFO] CodeEngine:229 - oldGeneratedFile, C:\Video\UART\UART_IT_CallBack\MXTmpFiles\system.tmp_save
2021-05-04 01:00:29,397 [INFO] CodeEngine:247 - Generated code: C:\Video\UART\UART_IT_CallBack\MXTmpFiles\system.tmp
2021-05-04 01:00:29,408 [INFO] CodeEngine:229 - oldGeneratedFile, C:\Video\UART\UART_IT_CallBack\Core\Inc\stm32f0xx_hal_conf.h_save
2021-05-04 01:00:29,563 [INFO] CodeEngine:247 - Generated code: C:\Video\UART\UART_IT_CallBack\Core\Inc\stm32f0xx_hal_conf.h
2021-05-04 01:00:29,621 [INFO] CodeEngine:229 - oldGeneratedFile, C:\Video\UART\UART_IT_CallBack\Core\Inc\main.h_save
2021-05-04 01:00:29,932 [INFO] CodeEngine:247 - Generated code: C:\Video\UART\UART_IT_CallBack\Core\Inc\main.h
2021-05-04 01:00:29,938 [INFO] CodeEngine:229 - oldGeneratedFile, C:\Video\UART\UART_IT_CallBack\Core\Src\main.c_save
2021-05-04 01:00:30,218 [INFO] CodeEngine:247 - Generated code: C:\Video\UART\UART_IT_CallBack\Core\Src\main.c
2021-05-04 01:00:34,402 [INFO] ProjectBuilder:2328 - Time for Copy HAL[1] : 508mS.
2021-05-04 01:00:34,493 [INFO] ProjectBuilder:3259 - Project Generator version: 3.11.2
2021-05-04 01:00:36,593 [INFO] ConfigFileManager:1238 - The Die is : DIE448
2021-05-04 01:00:36,711 [INFO] ApiDbMcu:456 - Load IP Config File for FATFS
2021-05-04 01:00:36,743 [INFO] ApiDbMcu:456 - Load IP Config File for FREERTOS
2021-05-04 01:00:36,853 [INFO] ApiDbMcu:456 - Load IP Config File for TOUCHSENSING
2021-05-04 01:00:36,877 [INFO] ApiDbMcu:456 - Load IP Config File for USB_DEVICE
2021-05-04 01:00:48,895 [INFO] ProjectBuilder:3425 - Time for Generating toolchain IDE Files: 14402mS.
2021-05-04 01:00:48,897 [INFO] ProjectBuilder:2207 - Time for Copy CMSIS : 1mS.
2021-05-04 01:00:48,899 [INFO] ProjectBuilder:2207 - Time for Copy CMSIS : 0mS.
2021-05-04 01:00:52,162 [INFO] RetryExec:97 - I/O exception (org.apache.http.NoHttpResponseException) caught when processing request to {}->http://sw-center.st.com:80: The target server failed to respond
2021-05-04 01:00:52,165 [INFO] RetryExec:113 - Retrying request to {}->http://sw-center.st.com:80
